!screenlayout!\2017_01_20_a\slider_ltr.png|template\2017_01_20_A\slider_ltr.png
!screenlayout!\azure_blue_2\social_open.png|template\Azure_Blue_2\social_open.png
introduction_to_the_child_support_operations_manual\image3.png|Introduction_to_the_Child_Support_Operations_Manual\image3.png
introduction_to_the_child_support_operations_manual\image4.png|Introduction_to_the_Child_Support_Operations_Manual\image4.png
introduction_to_the_child_support_operations_manual\image7.png|Introduction_to_the_Child_Support_Operations_Manual\image7.png
introduction_to_the_child_support_operations_manual\image8.png|Introduction_to_the_Child_Support_Operations_Manual\image8.png
introduction_to_the_child_support_operations_manual\image45.gif|Introduction_to_the_Child_Support_Operations_Manual\image45.gif
!screenlayout!\2017_01_20_a\toc_book_open_drildown.png|template\2017_01_20_A\toc_book_open_drildown.png
support_establishment\ncp_and_cp_already_have_a_personal_agreement_for_support.htm|SUPPORT_ESTABLISHMENT\NCP_and_CP_Already_Have_a_Personal_Agreement_for_Support.htm
project_notes\style_guide_for_manual\copy_and_paste_-_text_snippets.htm| 
introduction_to_the_child_support_operations_manual\title_page_-_produced_by_pdp.htm|Introduction_to_the_Child_Support_Operations_Manual\Title_Page_-_Produced_by_PDP.htm
intake\direct-from-court_cases\cp_or_ncp_returns_form_ldss-4882.htm| 
family_court_interface_-_redacted.png|Family_Court_Interface_-_redacted.png
!screenlayout!\2017_01_20_a\search_desktop_navigation.png|template\2017_01_20_A\search_desktop_navigation.png
intake\case-building\case-building_-_an_introduction.htm|INTAKE\Case-Building\Case-Building_-_An_Introduction.htm
location\automated_location_searches\automated_location_searches_-_introduction.htm|LOCATION\Automated_Location_Searches\Automated_Location_Searches_-_Introduction.htm
financial_investigation\introduction_to_financial_investigation.htm| 
!screenlayout!\css_ops_man_2017-05-12\toc_desktop.png|template\CSS_Ops_Man_2017-05-12\toc_desktop.png
appendices\petitions\css_dss_medical_supportpetition.pdf|Appendices\Petitions\CSS_DSS_Medical_SupportPetition.pdf
intake\direct-from-court_cases\court_orders_support_paid_through_cseu.htm| 
support_establishment\laws_and_regulations_related_to_support_establishment.htm|SUPPORT_ESTABLISHMENT\Laws_and_Regulations_Related_to_Support_Establishment.htm
codes\transaction type codes - 03.png|Codes\Transaction_Type_codes_-_03.png
introduction_to_child_support\performance_measures.htm| 
intake\ta_process\cp_applies_for_ta_at_ta_unit.htm|INTAKE\TA_Process\CP_applies_for_TA_at_TA_Unit.htm
!screenlayout!\2017_01_20_a\next_mobile_active.png|template\2017_01_20_A\next_mobile_active.png
cola\intro_to_objections\intro_to_objections_in_cola_process.htm|COLA\Intro_to_Objections\Intro_to_Objections_in_COLA_Process.htm
intake\non-ta_process_-_intake\cp_or_ncp_completes_&_returns_ldss-4882_-_version_b.htm|INTAKE\Non-TA_Process_-_Intake\CP_or_NCP_completes___returns_LDSS-4882_-_Version_B.htm
glossary function in the child support program manual.mp4|Glossary_Function_in_the_Child_Support_Program_Manual.mp4
!screenlayout!\2017_01_20_a\previous_tab.png|template\2017_01_20_A\previous_tab.png
!screenlayout!\css_ops_man_2017-05-12\layout.css|template\CSS_Ops_Man_2017-05-12\layout.css
!screenlayout!\css_ops_man_2017-05-12\previous_mobile_active.png|template\CSS_Ops_Man_2017-05-12\previous_mobile_active.png
cola\cola_-_cover_page_for_cola_chapter.htm|COLA\COLA_-_Cover_page_for_COLA_chapter.htm
!screenlayout!\2017_01_20_a\toc_book_open_desktop.png|template\2017_01_20_A\toc_book_open_desktop.png
introduction_to_the_child_support_operations_manual\feedback_about_the_program_manual.htm| 
intake\the_application_referral_form_ldss-4882\the_application__form_dss-2860.htm|INTAKE\The_Application_Referral_Form_LDSS-4882\The_Application__Form_DSS-2860.htm
intake\non-ta_process_-_intake\worker_logs_receipt_of_4882,_reviews_it_for_completeness.htm|INTAKE\Non-TA_Process_-_Intake\Worker_logs_receipt_of_4882,_reviews_it_for_completeness.htm
!screenlayout!\azure_blue\next_mobile.png|template\Azure_Blue\next_mobile.png
screens_you_will_encounter_-_master_list\obligation_tab_screen.htm|Screens_You_Will_Encounter_-_Master_List\Obligation_Tab_screen.htm
location\new_hire_reporting\roadmap_new_hire_reporting.htm|LOCATION\New_Hire_Reporting\Roadmap_New_Hire_Reporting.htm
screens_you_will_encounter_-_master_list\case_mode_status_information_screen.png|Screens_You_Will_Encounter_-_Master_List\Case_Mode_Status_Information_screen.png
cola\ta_process\roadmap__ta_process.htm|COLA\TA_Process\Roadmap__TA_Process.htm
intake\non-ta_process_-_intake\roadmap_-__non-ta_process_-_intake.htm|INTAKE\Non-TA_Process_-_Intake\Roadmap_-__Non-TA_Process_-_Intake.htm
screens_you_will_encounter_-_master_list\nys_family_court_tab_-_document_generation_utillty.htm|Screens_You_Will_Encounter_-_Master_List\NYS_Family_Court_Tab_-_Document_Generation_Utillty.htm
location\image3.gif|LOCATION\image3.gif
!screenlayout!\2017_01_20_a\filter_desktop.png|template\2017_01_20_A\filter_desktop.png
cola\non-ta_process\processing_center_enters_request_code_into_system.htm|COLA\Non-TA_Process\Processing_Center_enters_request_code_into_system.htm
codes\standards act indicator codes - 1st position - 01.png|Codes\Standards_Act_Indicator_Codes_-_1st_position_-_01.png
!screenlayout!\azure_blue\search_desktop.png|template\Azure_Blue\search_desktop.png
how data enters the case record in assets - 2018-03-22 - a.png|How_data_enters_the_case_record_in_ASSETS_-_2018-03-22_-_A.png
intake\ta_cases_intake_introduction\workarounds_we_ve_encountered_in_intake_procedures.htm| 
support_establishment\support_establishment_-_cover_page.htm|SUPPORT_ESTABLISHMENT\Support_Establishment_-_Cover_Page.htm
cola\non-ta_process\cola-eligible_cases_appear_on__cost_of_living_adjustment_eligible_cases__screen.htm|COLA\Non-TA_Process\COLA-Eligible_cases_appear_on__Cost_of_Living_Adjustment_Eligible_Cases__screen.htm
intake\non-ta_process_-_intake\worker_begins_building_the_case.htm|INTAKE\Non-TA_Process_-_Intake\Worker_begins_building_the_case.htm
codes\standards act indicator codes - 2nd and 3rd positions.png|Codes\Standards_Act_Indicator_Codes_-_2nd_and_3rd_positions.png
support_establishment\support_petition_assessment_screen.jpg|SUPPORT_ESTABLISHMENT\Support_Petition_Assessment_screen.jpg
codes\standards act indicator codes - 1st position - 02.png|Codes\Standards_Act_Indicator_Codes_-_1st_position_-_02.png
!screenlayout!\otda\social_open.png|template\OTDA\social_open.png
project_notes\2017-08-30 - recent developments - activity reports.pdf|PROJECT_NOTES\2017-08-30_-_Recent_Developments_-_Activity_Reports.pdf
screens_you_will_encounter_-_master_list\cola_eligible_cases_screen.htm|Screens_You_Will_Encounter_-_Master_List\COLA_Eligible_Cases_Screen.htm
codes\address_verification_indicator_codes.htm|Codes\Address_Verification_Indicator_Codes.htm
!screenlayout!\2017_01_20_a\next_tab.png|template\2017_01_20_A\next_tab.png
!screenlayout!\azure_blue\back_mobile_rtl.png|template\Azure_Blue\back_mobile_rtl.png
!screenlayout!\azure_blue_2\toc_book_closed_desktop.png|template\Azure_Blue_2\toc_book_closed_desktop.png
!screenlayout!\otda\slider_open_rtl.png|template\OTDA\slider_open_rtl.png
account_creation\laws_and_regulations_related_to_collection_and_disbursement.htm|ACCOUNT_CREATION\Laws_and_Regulations_Related_to_Collection_and_Disbursement.htm
!screenlayout!\azure_blue\previous_mobile_active.png|template\Azure_Blue\previous_mobile_active.png
project_notes\research_resources_-_child_support\location - federal certification of assets functionality.docx|PROJECT_NOTES\Research_Resources_-_Child_Support\Location_-_Federal_Certification_of_ASSETS_functionality.docx
codes\fips_codes_-_federal_information_processing_standards_codes.htm|Codes\FIPS_Codes_-_Federal_Information_Processing_Standards_codes.htm
!screenlayout!\2017_01_20_a\toc_desktop.png|template\2017_01_20_A\toc_desktop.png
!language!\en_us\robohhre.lng|RoboHHRE.lng
!screenlayout!\2017_01_20_a\filter_desktop_applied.png|template\2017_01_20_A\filter_desktop_applied.png
screens_you_will_encounter_-_master_list\obligation tab screen - redacted.png|Screens_You_Will_Encounter_-_Master_List\Obligation_Tab_screen_-_Redacted.png
!screenlayout!\otda\toc_book_open_desktop.png|template\OTDA\toc_book_open_desktop.png
!screenlayout!\otda\back_mobile_rtl.png|template\OTDA\back_mobile_rtl.png
!screenlayout!\azure_blue\social_close_rtl.png|template\Azure_Blue\social_close_rtl.png
!screenlayout!\azure_blue\social_close_ltr.png|template\Azure_Blue\social_close_ltr.png
!screenlayout!\css_ops_man_2017-05-12\loading.gif|template\CSS_Ops_Man_2017-05-12\loading.gif
!screenlayout!\css_ops_man_2017-05-12\top.png|template\CSS_Ops_Man_2017-05-12\top.png
!screenlayout!\css_ops_man_2017-05-12\search_tab.png|template\CSS_Ops_Man_2017-05-12\search_tab.png
screenshots.css|screenshots.css
!screenlayout!\azure_blue_2\filter_nomark.png|template\Azure_Blue_2\filter_nomark.png
!screenlayout!\otda\loading.gif|template\OTDA\loading.gif
intake\case_processing_timelines.htm|INTAKE\Case_Processing_Timelines.htm
!screenlayout!\azure_blue_2\index_tab.png|template\Azure_Blue_2\index_tab.png
intake\direct-from-court_cases\worker_retrieves_the_acs_report.htm| 
cola\intro_to_cola\what_is_a_cola_.htm|COLA\Intro_to_COLA\What_is_a_COLA_.htm
!screenlayout!\azure_blue_2\filter_mobile_applied.png|template\Azure_Blue_2\filter_mobile_applied.png
codes\military_branch_codes.htm|Codes\Military_Branch_Codes.htm
intake\direct-from-court_cases\worker_receives_court_order.htm| 
notices_and_correspondence\continuation_of_child_support_services_letter.htm|Notices_and_Correspondence\Continuation_of_Child_Support_Services_letter.htm
child support operations manual.hhk|index.hhk
codes\transaction type codes - 08.png|Codes\Transaction_Type_codes_-_08.png
!screenlayout!\azure_blue_2\next_tab.png|template\Azure_Blue_2\next_tab.png
!screenlayout!\css_ops_man_2017-05-12\glossary_mobile.png|template\CSS_Ops_Man_2017-05-12\glossary_mobile.png
!screenlayout!\otda\social_close_ltr.png|template\OTDA\social_close_ltr.png
intake\cooperation_requirements\attesting_to_lack_of_information.htm|INTAKE\Cooperation_Requirements\Attesting_to_Lack_of_Information.htm
!screenlayout!\css_ops_man_2017-05-12\filter_tab_applied.png|template\CSS_Ops_Man_2017-05-12\filter_tab_applied.png
!screenlayout!\css_ops_man_2017-05-12\glossary_desktop.png|template\CSS_Ops_Man_2017-05-12\glossary_desktop.png
!screenlayout!\2017_01_20_a\toc_book_open_mobile.png|template\2017_01_20_A\toc_book_open_mobile.png
!screenlayout!\azure_blue_2\toc_topic_mobile.png|template\Azure_Blue_2\toc_topic_mobile.png
screens_you_will_encounter_-_master_list\basic search screen - b.png|Screens_You_Will_Encounter_-_Master_List\Basic_Search_screen_-_B.png
codes\transaction type codes - 04.png|Codes\Transaction_Type_codes_-_04.png
notices_and_correspondence\continuation of child support services letter.png|Notices_and_Correspondence\Continuation_of_Child_Support_Services_letter.png
!screenlayout!\2017_01_20_a\top.png|template\2017_01_20_A\top.png
!screenlayout!\2017_01_20_a\usersettings.js|template\2017_01_20_A\usersettings.js
program_manual_style_guide\tables_for_copying.htm|Program_Manual_STYLE_GUIDE\TABLES_for_COPYING.htm
enforcement\title_6_powers_to_enforce_support.htm| 
cola\eligibility\decision_tree.htm|COLA\Eligibility\Decision_Tree.htm
codes\cola_review_indicators.htm|Codes\COLA_Review_Indicators.htm
screens_you_will_encounter_-_master_list\5a9574f68100ecase mode - respondent employer detail tab.png|Screens_You_Will_Encounter_-_Master_List\5a9574f68100eCase_Mode_-_Respondent_Employer_Detail_tab.png
!screenlayout!\azure_blue_2\search_tab.png|template\Azure_Blue_2\search_tab.png
style_sheets\default.css| 
!screenlayout!\azure_blue\search_desktop_active.png|template\Azure_Blue\search_desktop_active.png
codes\fips codes - 04.png|Codes\FIPS_Codes_-_04.png
codes\fips codes - 05.png|Codes\FIPS_Codes_-_05.png
codes\fips codes - 03.png|Codes\FIPS_Codes_-_03.png
codes\fips codes - 01.png|Codes\FIPS_Codes_-_01.png
cola\non-ta_process\cp_or_ncp_mails_request_to_processing_center.htm|COLA\Non-TA_Process\CP_or_NCP_mails_request_to_Processing_Center.htm
intake\ta_process\roadmap - intake - non-ta process - 2017-12-28 - a.png|INTAKE\TA_Process\Roadmap_-_Intake_-_Non-TA_Process_-_2017-12-28_-_A.png
screens_you_will_encounter_-_master_list\5a343f89aec27case mode - respondent location tab - version b - redacted.png|Screens_You_Will_Encounter_-_Master_List\5a343f89aec27Case_Mode_-_Respondent_Location_tab_-_VERSION_B_-_redacted.png
!screenlayout!\2017_01_20_a\toc_book_closed_desktop.png|template\2017_01_20_A\toc_book_closed_desktop.png
intake\the_application_referral_form_ldss-4882\section c of 4882 - check box 1 or box 2.png|INTAKE\The_Application_Referral_Form_LDSS-4882\Section_C_of_4882_-_Check_Box_1_or_Box_2.png
!screenlayout!\azure_blue\back_mobile_ltr.png|template\Azure_Blue\back_mobile_ltr.png
!screenlayout!\azure_blue\usersettings.js|template\Azure_Blue\usersettings.js
intake\ta_cases_intake_introduction\cooperation_requirements_for_ta_cases.htm|INTAKE\TA_Cases_Intake_Introduction\Cooperation_Requirements_for_TA_Cases.htm
paternity_establishment\introduction_to_paternity_establishment\benefits_of_paternity_establishment.htm|PATERNITY_ESTABLISHMENT\Introduction_to_Paternity_Establishment\Benefits_of_Paternity_Establishment.htm
!screenlayout!\otda\next_tab_active.png|template\OTDA\next_tab_active.png
screens_you_will_encounter_-_master_list\basic search screen.png|Screens_You_Will_Encounter_-_Master_List\Basic_Search_Screen.png
!screenlayout!\otda\search_desktop_active.png|template\OTDA\search_desktop_active.png
!screenlayout!\otda\top.png|template\OTDA\top.png
!screenlayout!\azure_blue\toc_link_mobile_rtl.png|template\Azure_Blue\toc_link_mobile_rtl.png
!screenlayout!\azure_blue\toc_link_mobile_ltr.png|template\Azure_Blue\toc_link_mobile_ltr.png
!screenlayout!\otda\index_mobile.png|template\OTDA\index_mobile.png
!screenlayout!\azure_blue\menu.png|template\Azure_Blue\menu.png
introduction_to_the_child_support_operations_manual\release_notes.htm|Introduction_to_the_Child_Support_Operations_Manual\Release_Notes.htm
intake\ta_process\cp_signs_attestation_to_lack_of_information_form.htm|INTAKE\TA_Process\CP_signs_Attestation_to_Lack_of_Information_form.htm
location\new_hire_reporting\new_hires_roadmap_2018-03-08_a.png|LOCATION\New_Hire_Reporting\New_Hires_Roadmap_2018-03-08_A.png
!screenlayout!\azure_blue_2\toc_link_mobile_rtl.png|template\Azure_Blue_2\toc_link_mobile_rtl.png
!screenlayout!\azure_blue_2\toc_link_mobile_ltr.png|template\Azure_Blue_2\toc_link_mobile_ltr.png
account_creation\account_creation_-_cover_page.htm|ACCOUNT_CREATION\Account_Creation_-_Cover_Page.htm
paternity_establishment\unused_content_paternity\screenshots_and_documents_needed_for_paternity_chapter.htm|PATERNITY_ESTABLISHMENT\UNUSED_CONTENT_PATERNITY\Screenshots_and_Documents_Needed_for_Paternity_Chapter.htm
location\location_-_cover_page.htm|LOCATION\Location_-_Cover_Page.htm
document generation - family court - a.png|Document_Generation_-_Family_Court_-_A.png
!screenlayout!\otda\menu.png|template\OTDA\menu.png
!screenlayout!\otda\next.png|template\OTDA\next.png
project_notes\2018-02-27 - features of manual - demo for eileen.pdf|PROJECT_NOTES\2018-02-27_-_Features_of_Manual_-_Demo_for_Eileen.pdf
codes\codes_-_cover_page.htm|Codes\Codes_-_Cover_Page.htm
paternity_establishment\unused_content_paternity\serving_a_summons_to_the_pf.htm| 
!screenlayout!\otda\layout.css|template\OTDA\layout.css
codes\employer_verification_indicator.htm|Codes\Employer_Verification_Indicator.htm
codes\group_codes_and_their_meanings.htm|Codes\Group_Codes_and_their_Meanings.htm
cola\non-ta_process\non-ta process - 2017-07-07 - a - bottom.png|COLA\Non-TA_Process\Non-TA_Process_-_2017-07-07_-_A_-_bottom.png
image7.gif|image7.gif
!screenlayout!\azure_blue\print_desktop.png|template\Azure_Blue\print_desktop.png
!screenlayout!\2017_01_20_a\toc_topic_desktop.png|template\2017_01_20_A\toc_topic_desktop.png
screens_you_will_encounter_-_master_list\case_mode_-_respondent_employer_detail_tab.htm|Screens_You_Will_Encounter_-_Master_List\Case_Mode_-_Respondent_Employer_Detail_tab.htm
codes\case_type_codes.htm|Codes\Case_Type_Codes.htm
additional_resources\additional_resources.htm|Additional_Resources\Additional_Resources.htm
cola\objection_process\worker_rescinds__adjusted_order_of_support_.htm|COLA\Objection_Process\Worker_rescinds__Adjusted_Order_of_Support_.htm
cola\non-ta_process\non-ta process - 2017-07-07 - a - top.png|COLA\Non-TA_Process\Non-TA_Process_-_2017-07-07_-_A_-_top.png
!screenlayout!\azure_blue\filter_mobile_applied.png|template\Azure_Blue\filter_mobile_applied.png
intake\introduction_to_intake\image7.gif|INTAKE\Introduction_to_Intake\image7.gif
screens_you_will_encounter_-_master_list\ecs - electronic communication system.png|Screens_You_Will_Encounter_-_Master_List\ECS_-_Electronic_Communication_System.png
screens_you_will_encounter_-_master_list\worker_alerts_-_warnings_tab.htm|Screens_You_Will_Encounter_-_Master_List\Worker_Alerts_-_Warnings_tab.htm
intake\ta_process\worker_begins_building_the_case.htm|INTAKE\TA_Process\Worker_begins_building_the_case.htm
location\dev_server_only_-_for_now\respondent_is_institutionalized_(other_than_prison).htm| 
!screenlayout!\azure_blue_2\search_mobile.png|template\Azure_Blue_2\search_mobile.png
screens_you_will_encounter_-_master_list\case_mode_-_respondent_location_tab_screen.htm|Screens_You_Will_Encounter_-_Master_List\Case_Mode_-_Respondent_Location_Tab_screen.htm
location\new_hire_reporting\intro_to_new_hire_reporting.htm|LOCATION\New_Hire_Reporting\Intro_to_New_Hire_Reporting.htm
introduction_to_the_child_support_operations_manual\roadmaps.htm|Introduction_to_the_Child_Support_Operations_Manual\Roadmaps.htm
collection\undistributed_collections.htm|COLLECTION\Undistributed_Collections.htm
!screenlayout!\otda\glossary_desktop.png|template\OTDA\glossary_desktop.png
!screenlayout!\azure_blue\filter_clearall.png|template\Azure_Blue\filter_clearall.png
!screenlayout!\azure_blue\slider_open_rtl.png|template\Azure_Blue\slider_open_rtl.png
default.css|default.css
!screenlayout!\azure_blue\toc_mobile.png|template\Azure_Blue\toc_mobile.png
intake\download_a_pdf_of_the_intake_chapter.htm|INTAKE\Download_a_PDF_of_the_Intake_chapter.htm
screens_you_will_encounter_-_master_list\summary mode - respondent address details screen - low res.png|Screens_You_Will_Encounter_-_Master_List\Summary_Mode_-_Respondent_Address_Details_screen_-_LOW_RES.png
intake\cooperation_requirements\results_of_non-cooperation.htm|INTAKE\Cooperation_Requirements\Results_of_Non-Cooperation.htm
intake\troubleshooting_-_intake\wms can update datafields in assets.png|INTAKE\Troubleshooting_-_Intake\WMS_can_update_datafields_in_ASSETS.png
screens_you_will_encounter_-_master_list\iva-ivd message details popup screen - markup b.png|Screens_You_Will_Encounter_-_Master_List\IVA-IVD_Message_Details_PopUp_Screen_-_Markup_B.png
!screenlayout!\azure_blue\next_active.png|template\Azure_Blue\next_active.png
!screenlayout!\azure_blue\toc_tab.png|template\Azure_Blue\toc_tab.png
screens_you_will_encounter_-_master_list\ecs_-_electronic_communication_system.htm|Screens_You_Will_Encounter_-_Master_List\ECS_-_Electronic_Communication_System.htm
unified manual.ppf|index.ppf
cola\after_a_court_hearing\image44.gif|COLA\After_a_Court_Hearing\image44.gif
!screenlayout!\otda\search_mobile.png|template\OTDA\search_mobile.png
location\introduction_to_location\opening_an_l_group.htm|LOCATION\Introduction_to_Location\Opening_an_L_Group.htm
codes\frequency codes - 01.png|Codes\Frequency_Codes_-_01.png
codes\frequency codes - 02.png|Codes\Frequency_Codes_-_02.png
codes\frequency codes - 03.png|Codes\Frequency_Codes_-_03.png
codes\frequency codes - 04.png|Codes\Frequency_Codes_-_04.png
codes\frequency codes - 05.png|Codes\Frequency_Codes_-_05.png
appendices\adms_(administrative_directive_memos).htm|Appendices\ADMs_(Administrative_Directive_Memos).htm
unified manual.trs|index.trs
unified manual.brs|index.brs
itin number.png|ITIN_Number.png
codes\account transaction history codes and types -header.png|Codes\Account_Transaction_History_Codes_and_Types_-Header.png
!screenlayout!\css_ops_man_2017-05-12\print_desktop.png|template\CSS_Ops_Man_2017-05-12\print_desktop.png
paternity_establishment\paternity_establishment_-_cover_page.htm|PATERNITY_ESTABLISHMENT\Paternity_Establishment_-_Cover_Page.htm
program_manual_style_guide\bullet_lists_and_numbered_lists\numbered_lists.htm|Program_Manual_STYLE_GUIDE\Bullet_Lists_and_Numbered_Lists\Numbered_Lists.htm
!screenlayout!\azure_blue_2\toc_tab.png|template\Azure_Blue_2\toc_tab.png
!screenlayout!\2017_01_20_a\filter_mark_radio.png|template\2017_01_20_A\filter_mark_radio.png
!screenlayout!\2017_01_20_a\search_tab.png|template\2017_01_20_A\search_tab.png
!screenlayout!\css_ops_man_2017-05-12\toc_link_desktop_rtl.png|template\CSS_Ops_Man_2017-05-12\toc_link_desktop_rtl.png
!screenlayout!\css_ops_man_2017-05-12\toc_link_desktop_ltr.png|template\CSS_Ops_Man_2017-05-12\toc_link_desktop_ltr.png
!screenlayout!\otda\slider_open_ltr.png|template\OTDA\slider_open_ltr.png
codes\income_withholding_indicator_codes.htm|Codes\Income_Withholding_Indicator_Codes.htm
codes\delinquency_switch_codes.htm|Codes\Delinquency_Switch_Codes.htm
project_notes\style_guide_for_manual\layout.css.htm| 
!screenlayout!\azure_blue_2\logo.png|template\Azure_Blue_2\logo.png
intake\non-ta_process_-_intake\cseu logs receipt of application.png|INTAKE\Non-TA_Process_-_Intake\CSEU_Logs_Receipt_of_Application.png
screens_you_will_encounter_-_master_list\respondent employer summary screen.png|Screens_You_Will_Encounter_-_Master_List\Respondent_Employer_Summary_screen.png
appendices\petitions\pif_css_respondent.pdf|Appendices\Petitions\PIF_CSS_Respondent.pdf
cola\eligibility\eligible_ledgers__syntax_of_ledger_codes.htm|COLA\Eligibility\Eligible_Ledgers__Syntax_of_Ledger_Codes.htm
project_notes\style_guide_for_manual\left_sidebar_-_navigation_pane.htm| 
codes\income_withholding_delinquency_switch_codes.htm|Codes\Income_Withholding_Delinquency_Switch_Codes.htm
!screenlayout!\css_ops_man_2017-05-12\previous_tab_active.png|template\CSS_Ops_Man_2017-05-12\previous_tab_active.png
!screenlayout!\otda\index_desktop.png|template\OTDA\index_desktop.png
paternity_establishment\paternity_establishment_process\worker_prepares_a_paternity_petition.htm|PATERNITY_ESTABLISHMENT\Paternity_Establishment_Process\Worker_prepares_a_Paternity_Petition.htm
screens_you_will_encounter_-_master_list\delinquency_switch_popup_message.png|Screens_You_Will_Encounter_-_Master_List\Delinquency_Switch_Popup_Message.png
!screenlayout!\otda\filter_mobile_applied.png|template\OTDA\filter_mobile_applied.png
intake\safety_net_cases\safety net cases - radio button - b.png|INTAKE\Safety_Net_Cases\Safety_Net_Cases_-_Radio_Button_-_b.png
cola\objection_process\if_a_new_or_modified_order_is_issued.htm|COLA\Objection_Process\If_a_new_or_modified_order_is_issued.htm
!screenlayout!\css_ops_man_2017-05-12\search_mobile_navigation.png|template\CSS_Ops_Man_2017-05-12\search_mobile_navigation.png
!screenlayout!\otda\glossary_mobile.png|template\OTDA\glossary_mobile.png
!screenlayout!\azure_blue\slider_open_ltr.png|template\Azure_Blue\slider_open_ltr.png
intake\introduction_to_intake\safety_concerns__safety_of_the_applicant.htm|INTAKE\Introduction_to_Intake\Safety_Concerns__Safety_of_the_Applicant.htm
intake\ta_process\assets_sends_letter_to_customer__case_will_not_be_built.htm|INTAKE\TA_Process\ASSETS_sends_letter_to_customer__Case_will_not_be_built.htm
!screenlayout!\css_ops_man_2017-05-12\back_mobile_rtl.png|template\CSS_Ops_Man_2017-05-12\back_mobile_rtl.png
!screenlayout!\css_ops_man_2017-05-12\back_mobile_ltr.png|template\CSS_Ops_Man_2017-05-12\back_mobile_ltr.png
!screenlayout!\azure_blue_2\filter_nomark_radio.png|template\Azure_Blue_2\filter_nomark_radio.png
introduction_to_the_child_support_operations_manual\glossary.htm| 
codes\standards_act_indicator_codes.htm|Codes\Standards_Act_Indicator_Codes.htm
paternity_establishment\introduction_to_paternity_establishment\acronyms_used_in_the_paternity_establishment_chapter.htm|PATERNITY_ESTABLISHMENT\Introduction_to_Paternity_Establishment\Acronyms_Used_In_the_Paternity_Establishment_Chapter.htm
cola\ta_process\step_02.htm|COLA\TA_Process\Step_02.htm
introduction_to_the_child_support_operations_manual\navigation.htm|Introduction_to_the_Child_Support_Operations_Manual\Navigation.htm
document log.png|Document_Log.png
cola\eligibility\decision tree as static graphic.png|COLA\Eligibility\Decision_Tree_as_Static_Graphic.png
intake\case-building\referral_search_-_building_a_case_from_a_referral_search.htm|INTAKE\Case-Building\Referral_Search_-_Building_a_Case_from_a_Referral_Search.htm
project_notes\style_guide_for_manual\icons_in_left_sidebar.htm| 
screens_you_will_encounter_-_master_list\welfare_reporting_tracking_system_applicant_search.htm|Screens_You_Will_Encounter_-_Master_List\Welfare_Reporting_Tracking_System_Applicant_Search.htm
cola\ineligibility\ineligibility.htm|COLA\Ineligibility\Ineligibility.htm
cola\non-ta_process\assets_runs_its_cola_monthly_process_(on_the_third_full_weekend_of_each_month).htm|COLA\Non-TA_Process\ASSETS_runs_its_COLA_monthly_process_(on_the_third_full_weekend_of_each_month).htm
!screenlayout!\otda\search_mobile_active.png|template\OTDA\search_mobile_active.png
!screenlayout!\azure_blue\toc_book_open_desktop.png|template\Azure_Blue\toc_book_open_desktop.png
!screenlayout!\azure_blue\back_mobile_filter.png|template\Azure_Blue\back_mobile_filter.png
appendices\petitions\pif_dss.pdf|Appendices\Petitions\PIF_DSS.pdf
cola\non-ta_process\on_the_next_third_weekend_of_the_month,_assets_runs_cola_monthly_process..htm|COLA\Non-TA_Process\On_the_next_third_weekend_of_the_month,_ASSETS_runs_COLA_monthly_process..htm
location\new_hire_reporting\assets_sets_delinquency_switch_9.htm|LOCATION\New_Hire_Reporting\ASSETS_sets_Delinquency_Switch_9.htm
!screenlayout!\azure_blue\search_mobile_navigation.png|template\Azure_Blue\search_mobile_navigation.png
!screenlayout!\otda\glossary_tab.png|template\OTDA\glossary_tab.png
!screenlayout!\azure_blue_2\search_desktop_active.png|template\Azure_Blue_2\search_desktop_active.png
cola\after_a_court_hearing\roadmap__after_a_court_hearing.htm|COLA\After_a_Court_Hearing\Roadmap__After_a_Court_Hearing.htm
!screenlayout!\azure_blue_2\toc_desktop.png|template\Azure_Blue_2\toc_desktop.png
project_notes\style_guide_for_manual\glossary hotspot wizard - global.png|PROJECT_NOTES\Style_Guide_for_Manual\Glossary_Hotspot_Wizard_-_global.png
!screenlayout!\otda\slider_ltr.png|template\OTDA\slider_ltr.png
!screenlayout!\otda\slider_rtl.png|template\OTDA\slider_rtl.png
introduction_to_child_support\ways_in_which_data_enters_case_records_in_assets.htm|Introduction_to_Child_Support\Ways_In_Which_Data_Enters_Case_Records_In_ASSETS.htm
intake\introduction_to_intake\case_processing_timelines.htm|INTAKE\Introduction_to_Intake\Case_Processing_Timelines.htm
!screenlayout!\otda\andsearch_mark.png|template\OTDA\andsearch_mark.png
!screenlayout!\otda\filter_mobile.png|template\OTDA\filter_mobile.png
project_notes\style_guide_for_manual\template_-_screenshots_and_docs_needed_for_xxxx_chapter.htm| 
cola\troubleshooting_-_cola\review_adjustment_ind_field_contains_code__e_.htm|COLA\Troubleshooting_-_COLA\Review_Adjustment_Ind_field_Contains_Code__E_.htm
appendices\databases_used_for_searches_(location).htm|Appendices\Databases_Used_for_Searches_(Location).htm
!screenlayout!\2017_01_20_a\next.png|template\2017_01_20_A\next.png
!screenlayout!\azure_blue\toc_topic_desktop.png|template\Azure_Blue\toc_topic_desktop.png
appendices\paternitypetition_css_otp.pdf|Appendices\PaternityPetition_CSS_OTP.pdf
account_creation\preliminary_questions_re_account_creation.htm|ACCOUNT_CREATION\Preliminary_Questions_re_Account_Creation.htm
brief video demo of the child support program manual.mp4|Brief_Video_Demo_of_the_Child_Support_Program_Manual.mp4
screens_you_will_encounter_-_master_list\worker_alerts_enforcement_mode_pls_tab.png|Screens_You_Will_Encounter_-_Master_List\Worker_Alerts_Enforcement_Mode_PLS_tab.png
!screenlayout!\azure_blue_2\toc_link_desktop_ltr.png|template\Azure_Blue_2\toc_link_desktop_ltr.png
!screenlayout!\azure_blue_2\toc_link_desktop_rtl.png|template\Azure_Blue_2\toc_link_desktop_rtl.png
case_management_-_draft\full_waiver_(of_cooperation_requirement).htm| 
intake\safety_concerns_-_good_cause_and_domestic_violence\suppression_of_address_and_employment_information.htm|INTAKE\Safety_Concerns_-_Good_Cause_and_Domestic_Violence\Suppression_of_Address_and_Employment_Information.htm
project_notes\style_guide_for_manual\function_bar_disappears_in_tablet_view.htm| 
!screenlayout!\azure_blue\filter_desktop_applied.png|template\Azure_Blue\filter_desktop_applied.png
!screenlayout!\azure_blue\toc_book_open_drildown.png|template\Azure_Blue\toc_book_open_drildown.png
!screenlayout!\2017_01_20_a\search_mobile.png|template\2017_01_20_A\search_mobile.png
intake\ta_cases_intake_introduction\iva-ivd interface - new cases appear - markedup cropped.png|INTAKE\TA_Cases_Intake_Introduction\IVA-IVD_Interface_-_New_Cases_Appear_-_MarkedUp_Cropped.png
project_notes\pdp_tools_and_resources\pdp_tools_and_resources.htm| 
cola\troubleshooting_-_cola\cannot_clear_the_objection_date_field.htm|COLA\Troubleshooting_-_COLA\Cannot_clear_the_Objection_Date_Field.htm
unified manual.hha|index_hha.hhk
unified manual.hhp|index.hhp
!screenlayout!\2017_01_20_a\filter_nomark_radio.png|template\2017_01_20_A\filter_nomark_radio.png
!screenlayout!\otda\previous_mobile_active.png|template\OTDA\previous_mobile_active.png
location\manual_-_non-automated_location_searches\incarcerated_pf_ncps.htm|LOCATION\Manual_-_Non-Automated_Location_Searches\Incarcerated_PF_NCPs.htm
!screenlayout!\azure_blue_2\filter_tab_applied.png|template\Azure_Blue_2\filter_tab_applied.png
!screenlayout!\css_ops_man_2017-05-12\slider_rtl.png|template\CSS_Ops_Man_2017-05-12\slider_rtl.png
!screenlayout!\css_ops_man_2017-05-12\filter_tab.png|template\CSS_Ops_Man_2017-05-12\filter_tab.png
!screenlayout!\css_ops_man_2017-05-12\slider_ltr.png|template\CSS_Ops_Man_2017-05-12\slider_ltr.png
intake\direct-from-court_cases\direct-from-court_cases__an_introduction.htm| 
cola\intro_to_cola\how_is_a_cola_calculated_.htm|COLA\Intro_to_COLA\How_Is_a_COLA_Calculated_.htm
unified manual.ali|UNIFIED_MANUAL.ali
!screenlayout!\azure_blue\search_mobile_active.png|template\Azure_Blue\search_mobile_active.png
!screenlayout!\azure_blue_2\next_tab_active.png|template\Azure_Blue_2\next_tab_active.png
codes\federal_case_registry_codes.htm|Codes\Federal_Case_Registry_Codes.htm
screens_you_will_encounter_-_master_list\administrative subpoena - low res.png|Screens_You_Will_Encounter_-_Master_List\Administrative_Subpoena_-_LOW_RES.png
!screenlayout!\css_ops_man_2017-05-12\toc_topic_mobile.png|template\CSS_Ops_Man_2017-05-12\toc_topic_mobile.png
intake\intake chapter - child support program manual.pdf|INTAKE\Intake_Chapter_-_Child_Support_Program_Manual.pdf
project_notes\style_guide_for_manual\official_colors_-_child_support_and_otda.htm| 
account_creation\accessing_family_court_interface.png|ACCOUNT_CREATION\Accessing_Family_Court_Interface.png
!screenlayout!\azure_blue_2\slider_rtl.png|template\Azure_Blue_2\slider_rtl.png
!screenlayout!\2017_01_20_a\previous.png|template\2017_01_20_A\previous.png
intake\introduction_to_intake\retention_of_paper_records.htm|INTAKE\Introduction_to_Intake\Retention_of_Paper_Records.htm
intake\cooperation_requirements\define__cooperation_.htm|INTAKE\Cooperation_Requirements\Define__Cooperation_.htm
screens_you_will_encounter_-_master_list\application_form_-_intake_module.htm|Screens_You_Will_Encounter_-_Master_List\Application_Form_-_Intake_Module.htm
intake\troubleshooting_-_intake\worker_cannot_select_iv-e_foster_care_radio_button.htm|INTAKE\Troubleshooting_-_Intake\Worker_cannot_select_IV-E_Foster_Care_radio_button.htm
!screenlayout!\otda\filter_tab.png|template\OTDA\filter_tab.png
cola\intro_to_objections\when_should_the_dss_object_to_a_cola_.htm|COLA\Intro_to_Objections\When_Should_the_DSS_Object_to_a_COLA_.htm
codes\address_source_codes.htm|Codes\Address_Source_Codes.htm
intake\non-ta_cases_-_introduction\$25_annual_service_fee_--_alternative_a.htm|INTAKE\Non-TA_Cases_-_Introduction\$25_Annual_Service_Fee_--_Alternative_A.htm
!screenlayout!\azure_blue_2\search_desktop_navigation.png|template\Azure_Blue_2\search_desktop_navigation.png
!screenlayout!\2017_01_20_a\andsearch_nomark.png|template\2017_01_20_A\andsearch_nomark.png
!screenlayout!\2017_01_20_a\filter_mobile.png|template\2017_01_20_A\filter_mobile.png
introduction_to_child_support\cola_chapter_css_manual_-_20171129a.pdf|Introduction_to_Child_Support\COLA_Chapter_CSS_Manual_-_20171129A.pdf
intake\direct-from-court_cases\worker_builds_the_case.htm| 
case_management_-_draft\continuation_of_services_when_ta_benefits_cease.htm|CASE_MANAGEMENT_-_DRAFT\Continuation_of_Services_when_TA_benefits_cease.htm
!screenlayout!\otda\filter_mark.png|template\OTDA\filter_mark.png
!screenlayout!\2017_01_20_a\toc_link_desktop_ltr.png|template\2017_01_20_A\toc_link_desktop_ltr.png
!screenlayout!\azure_blue_2\top.png|template\Azure_Blue_2\top.png
!screenlayout!\2017_01_20_a\toc_link_desktop_rtl.png|template\2017_01_20_A\toc_link_desktop_rtl.png
!screenlayout!\css_ops_man_2017-05-12\toc_book_closed_desktop.png|template\CSS_Ops_Man_2017-05-12\toc_book_closed_desktop.png
project_notes\style_guide_for_manual\nys branding - color requirements.pdf|PROJECT_NOTES\Style_Guide_for_Manual\NYS_Branding_-_Color_Requirements.pdf
codes\income withholding delinquency switch codes - 01 of 02.png|Codes\Income_Withholding_Delinquency_Switch_Codes_-_01_of_02.png
codes\income withholding delinquency switch codes - 02 of 02.png|Codes\Income_Withholding_Delinquency_Switch_Codes_-_02_of_02.png
location\introduction_to_location\manual_vs_automated_location_searches.png|LOCATION\Introduction_to_Location\Manual_vs_Automated_Location_Searches.png
location\manual_-_non-automated_location_searches\intro_to_manual_searches.htm|LOCATION\Manual_-_Non-Automated_Location_Searches\Intro_to_Manual_Searches.htm
intake\case-building\data_elements_imported_to_assets_from_wms.htm| 
intake\non-ta_process_-_intake\roadmap - intake - non-ta process - 2018-02-09 - a.png|INTAKE\Non-TA_Process_-_Intake\Roadmap_-_Intake_-_Non-TA_Process_-_2018-02-09_-_A.png
location\automated_location_searches\databases_-_respondent_info_needed_for_automated_location_search.htm|LOCATION\Automated_Location_Searches\Databases_-_Respondent_Info_Needed_for_Automated_Location_Search.htm
!screenlayout!\otda\toc_link_desktop_rtl.png|template\OTDA\toc_link_desktop_rtl.png
!screenlayout!\otda\toc_link_desktop_ltr.png|template\OTDA\toc_link_desktop_ltr.png
!screenlayout!\2017_01_20_a\back_mobile_rtl.png|template\2017_01_20_A\back_mobile_rtl.png
screens_you_will_encounter_-_master_list\worker_alerts_-_pls_tab.htm|Screens_You_Will_Encounter_-_Master_List\Worker_Alerts_-_PLS_tab.htm
screens_you_will_encounter_-_master_list\worker_alerts_-_fcr_tab.htm|Screens_You_Will_Encounter_-_Master_List\Worker_Alerts_-_FCR_tab.htm
!screenlayout!\css_ops_man_2017-05-12\next.png|template\CSS_Ops_Man_2017-05-12\next.png
!screenlayout!\otda\layout-rtl.css|template\OTDA\layout-rtl.css
!screenlayout!\2017_01_20_a\slider_open_rtl.png|template\2017_01_20_A\slider_open_rtl.png
intake\troubleshooting_-_intake\hard_copy_of_referral_never_arrived_from_ta.htm|INTAKE\Troubleshooting_-_Intake\Hard_Copy_of_Referral_Never_Arrived_from_TA.htm
intake\ta_process\worker_logs_receipt_of_4882,_reviews_it_for_completeness.htm|INTAKE\TA_Process\Worker_logs_receipt_of_4882,_reviews_it_for_completeness.htm
!screenlayout!\azure_blue\previous_tab.png|template\Azure_Blue\previous_tab.png
program_manual_style_guide\bullet_lists_and_numbered_lists\bullet_lists.htm|Program_Manual_STYLE_GUIDE\Bullet_Lists_and_Numbered_Lists\Bullet_Lists.htm
!screenlayout!\otda\index_tab.png|template\OTDA\index_tab.png
!screenlayout!\azure_blue_2\next_mobile_active.png|template\Azure_Blue_2\next_mobile_active.png
program_manual_style_guide\chapter_development_life_cycle.htm|Program_Manual_STYLE_GUIDE\Chapter_Development_Life_Cycle.htm
cola\objection_process\cola information edit screen - cola request ind field.png|COLA\Objection_Process\COLA_Information_Edit_screen_-_COLA_Request_Ind_field.png
!screenlayout!\css_ops_man_2017-05-12\next_mobile_active.png|template\CSS_Ops_Man_2017-05-12\next_mobile_active.png
!screenlayout!\css_ops_man_2017-05-12\back_mobile_filter.png|template\CSS_Ops_Man_2017-05-12\back_mobile_filter.png
paternity_establishment\paternity_petition_-_preparing_a_petition\paternity_hearing_-_what_to_bring_to_court.htm|PATERNITY_ESTABLISHMENT\Paternity_Petition_-_Preparing_a_Petition\Paternity_Hearing_-_What_to_Bring_to_Court.htm
location\verification_of_address_or_employment\roadmap_automated_location_search_finds_a_respondent_address.htm| 
cola\eligibility\orders_subject_to_cola.htm|COLA\Eligibility\Orders_Subject_to_COLA.htm
!screenlayout!\azure_blue\logo.png|template\Azure_Blue\logo.png
intake\safety_concerns_-_good_cause_and_domestic_violence\after_a_determination_by_a_dvl_-_required_actions.htm|INTAKE\Safety_Concerns_-_Good_Cause_and_Domestic_Violence\After_a_Determination_by_a_DVL_-_Required_Actions.htm
intake\non-ta_process_-_intake\checkbox - 4882c attached.png|INTAKE\Non-TA_Process_-_Intake\Checkbox_-_4882C_Attached.png
!screenlayout!\otda\toc_mobile.png|template\OTDA\toc_mobile.png
codes\billing_switch_codes.htm|Codes\Billing_Switch_Codes.htm
!screenlayout!\azure_blue\layout-rtl.css|template\Azure_Blue\layout-rtl.css
project_notes\style_guide_for_manual\image5.gif|PROJECT_NOTES\Style_Guide_for_Manual\image5.gif
project_notes\style_guide_for_manual\image1.gif|PROJECT_NOTES\Style_Guide_for_Manual\image1.gif
project_notes\style_guide_for_manual\image8.gif|PROJECT_NOTES\Style_Guide_for_Manual\image8.gif
project_notes\style_guide_for_manual\image6.gif|PROJECT_NOTES\Style_Guide_for_Manual\image6.gif
project_notes\style_guide_for_manual\image2.gif|PROJECT_NOTES\Style_Guide_for_Manual\image2.gif
project_notes\style_guide_for_manual\image4.gif|PROJECT_NOTES\Style_Guide_for_Manual\image4.gif
!screenlayout!\otda\toc_book_closed_desktop.png|template\OTDA\toc_book_closed_desktop.png
intake\foster_care_cases\introduction_to_foster_care_cases.htm|INTAKE\Foster_Care_Cases\Introduction_to_Foster_Care_Cases.htm
project_notes\style_guide_for_manual\nys_logo_-_size_and_placement.htm| 
codes\ledger_distribution_switch_codes.htm|Codes\Ledger_Distribution_Switch_Codes.htm
!screenlayout!\azure_blue_2\next_active.png|template\Azure_Blue_2\next_active.png
!screenlayout!\otda\toc_book_closed_mobile.png|template\OTDA\toc_book_closed_mobile.png
!screenlayout!\otda\filter_nomark.png|template\OTDA\filter_nomark.png
intake\non-ta_process_-_intake\worker_provides_ldss-4882_to_customer.htm|INTAKE\Non-TA_Process_-_Intake\Worker_provides_LDSS-4882_to_customer.htm
intake\non-ta_process_-_intake\worker_interviews_the_customer_(optional).htm|INTAKE\Non-TA_Process_-_Intake\Worker_interviews_the_customer_(Optional).htm
codes\transaction type codes - 01.png|Codes\Transaction_Type_codes_-_01.png
screens_you_will_encounter_-_master_list\respondent employer detail tab - case mode - redacted - a.png|Screens_You_Will_Encounter_-_Master_List\Respondent_Employer_Detail_tab_-_Case_Mode_-_redacted_-_A.png
codes\military_codes.htm|Codes\Military_Codes.htm
cola\eligibility\quick_reference__general_eligility.htm| 
screens_you_will_encounter_-_master_list\code_e_screenshot.gif|Screens_You_Will_Encounter_-_Master_List\Code_E_Screenshot.gif
!screenlayout!\azure_blue\andsearch_nomark.png|template\Azure_Blue\andsearch_nomark.png
cola\eligibility\general_eligibility_criteria_for_a_cola.htm|COLA\Eligibility\General_Eligibility_Criteria_for_a_COLA.htm
introduction_to_the_child_support_operations_manual\known_issues.htm|Introduction_to_the_Child_Support_Operations_Manual\Known_Issues.htm
appendices\useful_websites.htm|Appendices\Useful_Websites.htm
codes\fips code - header.png|Codes\FIPS_Code_-_header.png
!screenlayout!\2017_01_20_a\glossary_tab.png|template\2017_01_20_A\glossary_tab.png
intake\direct-from-court_cases\safety concerns - on application form.png|INTAKE\Direct-from-Court_Cases\Safety_Concerns_-_on_Application_Form.png
!screenlayout!\2017_01_20_a\filter_mark.png|template\2017_01_20_A\filter_mark.png
codes\wedlock_indicator_codes.htm|Codes\Wedlock_Indicator_Codes.htm
!screenlayout!\css_ops_man_2017-05-12\filter_desktop_applied.png|template\CSS_Ops_Man_2017-05-12\filter_desktop_applied.png
!screenlayout!\azure_blue\filter_mark.png|template\Azure_Blue\filter_mark.png
!screenlayout!\css_ops_man_2017-05-12\filter_clearall.png|template\CSS_Ops_Man_2017-05-12\filter_clearall.png
appendices\dcls_(dear_colleague_letters).htm|Appendices\DCLs_(Dear_Colleague_Letters).htm
processing_center\how data is captured at the processing center - 2017-12-07 - a.png|PROCESSING_CENTER\How_data_is_captured_at_the_Processing_Center_-_2017-12-07_-_A.png
location\automated_location_searches\databases – master list.docx|LOCATION\Automated_Location_Searches\Databases_–_Master_List.docx
!screenlayout!\css_ops_man_2017-05-12\usersettings.js|template\CSS_Ops_Man_2017-05-12\usersettings.js
location\dev_server_only_-_for_now\source_documents_-_location.htm| 
case_management_-_draft\continuation_of_service_when_there_s_a_waiver_in_effect.htm|CASE_MANAGEMENT_-_DRAFT\Continuation_of_Service_When_There_s_a_Waiver_In_Effect.htm
case_closure\introduction_to_automated_case_closure.htm| 
screens_you_will_encounter_-_master_list\case_mode_-_child_tab.htm|Screens_You_Will_Encounter_-_Master_List\Case_Mode_-_Child_tab.htm
!screenlayout!\azure_blue_2\index_desktop.png|template\Azure_Blue_2\index_desktop.png
codes\frequency_codes.htm|Codes\Frequency_Codes.htm
!screenlayout!\2017_01_20_a\previous_tab_active.png|template\2017_01_20_A\previous_tab_active.png
!screenlayout!\css_ops_man_2017-05-12\toc_book_open_drildown.png|template\CSS_Ops_Man_2017-05-12\toc_book_open_drildown.png
!screenlayout!\azure_blue_2\slider_open_rtl.png|template\Azure_Blue_2\slider_open_rtl.png
appendices\petitions\css_support_dss_medical_petition_nc.pdf|Appendices\Petitions\CSS_Support_DSS_Medical_Petition_NC.pdf
screens_you_will_encounter_-_master_list\worker_alerts_-_management_mode_-_overage_statuses.htm|Screens_You_Will_Encounter_-_Master_List\Worker_Alerts_-_Management_Mode_-_Overage_Statuses.htm
introduction_to_the_child_support_operations_manual\tips_for_using_the_program_manual.htm|Introduction_to_the_Child_Support_Operations_Manual\Tips_for_Using_the_Program_Manual.htm
!screenlayout!\azure_blue_2\toc_mobile.png|template\Azure_Blue_2\toc_mobile.png
intake\eligibility_for_child_support_services\policies_regarding_intake.htm|INTAKE\Eligibility_for_Child_Support_Services\Policies_Regarding_Intake.htm
!screenlayout!\2017_01_20_a\andsearch_mark.png|template\2017_01_20_A\andsearch_mark.png
!screenlayout!\azure_blue_2\filter_clearall.png|template\Azure_Blue_2\filter_clearall.png
enforcement\worker_alerts_--_enforcement_mode.htm| 
intake\foster_care_cases\image8.gif|INTAKE\Foster_Care_Cases\image8.gif
!screenlayout!\css_ops_man_2017-05-12\glossary_tab.png|template\CSS_Ops_Man_2017-05-12\glossary_tab.png
notices_and_correspondence\cover_letter_accompanying_mailed_ldss-4882_form.htm|Notices_and_Correspondence\Cover_Letter_accompanying_Mailed_LDSS-4882_form.htm
intake\ta_process\worker_reviews_ldss-4882_form_for_completeness.htm|INTAKE\TA_Process\Worker_reviews_LDSS-4882_form_for_completeness.htm
screens_you_will_encounter_-_master_list\summary_mode_-_respondent_employer_summary.htm| 
!screenlayout!\azure_blue_2\previous_tab.png|template\Azure_Blue_2\previous_tab.png
!screenlayout!\css_ops_man_2017-05-12\toc_book_closed_mobile.png|template\CSS_Ops_Man_2017-05-12\toc_book_closed_mobile.png
!screenlayout!\2017_01_20_a\next_active.png|template\2017_01_20_A\next_active.png
!screenlayout!\css_ops_man_2017-05-12\toc_link_mobile_rtl.png|template\CSS_Ops_Man_2017-05-12\toc_link_mobile_rtl.png
cola\non-ta_process\cp_or_ncp_mails_objection_to_court.htm|COLA\Non-TA_Process\CP_or_NCP_mails_Objection_to_Court.htm
!screenlayout!\azure_blue_2\index_mobile.png|template\Azure_Blue_2\index_mobile.png
!screenlayout!\azure_blue_2\previous.png|template\Azure_Blue_2\previous.png
!screenlayout!\css_ops_man_2017-05-12\filter_nomark.png|template\CSS_Ops_Man_2017-05-12\filter_nomark.png
screens_you_will_encounter_-_master_list\summary_mode___respondent_address_tab_screen.htm|Screens_You_Will_Encounter_-_Master_List\Summary_Mode___Respondent_Address_Tab_screen.htm
!screenlayout!\css_ops_man_2017-05-12\toc_link_mobile_ltr.png|template\CSS_Ops_Man_2017-05-12\toc_link_mobile_ltr.png
!screenlayout!\otda\filter_mark_radio.png|template\OTDA\filter_mark_radio.png
!screenlayout!\2017_01_20_a\search_mobile_navigation.png|template\2017_01_20_A\search_mobile_navigation.png
appendices\petitions\medicalsupportpetition_dss.pdf|Appendices\Petitions\MedicalSupportPetition_DSS.pdf
cola\non-ta_process\proc_center_print.htm|COLA\Non-TA_Process\PROC_CENTER_PRINT.htm
program_manual_style_guide\bullet_lists_and_numbered_lists\bullet lists.png|Program_Manual_STYLE_GUIDE\Bullet_Lists_and_Numbered_Lists\Bullet_Lists.png
!screenlayout!\otda\search_mobile_navigation.png|template\OTDA\search_mobile_navigation.png
intake\change_in_payee\application form ldss-4882.pdf|INTAKE\Change_in_Payee\Application_Form_LDSS-4882.pdf
screens_you_will_encounter_-_master_list\administrative_subpoena.htm|Screens_You_Will_Encounter_-_Master_List\Administrative_Subpoena.htm
introduction_to_the_child_support_operations_manual\demo_-_brief_video_demo_of_features.htm| 
!screenlayout!\azure_blue_2\layout-rtl.css|template\Azure_Blue_2\layout-rtl.css
location\databases_used_for_location_searches\parent_locator_service.htm|LOCATION\Databases_Used_for_Location_Searches\Parent_Locator_Service.htm
!screenlayout!\2017_01_20_a\social_open.png|template\2017_01_20_A\social_open.png
codes\cola request indicator codes - 01.png|Codes\COLA_Request_Indicator_Codes_-_01.png
screens_you_will_encounter_-_master_list\worker_alerts_management_mode_daily_status.png|Screens_You_Will_Encounter_-_Master_List\Worker_Alerts_Management_Mode_Daily_Status.png
screens_you_will_encounter_-_master_list\worker_alerts_enforcement_mode_delinquency_switches.png|Screens_You_Will_Encounter_-_Master_List\Worker_Alerts_Enforcement_Mode_Delinquency_Switches.png
codes\cola request indicator codes - 02.png|Codes\COLA_Request_Indicator_Codes_-_02.png
screens_you_will_encounter_-_master_list\worker_alerts_enforcement_mode_delinquency_switches.htm|Screens_You_Will_Encounter_-_Master_List\Worker_Alerts_Enforcement_Mode_Delinquency_Switches.htm
cola\non-ta_process\proc_ctr_sends__adjusted_order_of_support__to_all_parties.htm|COLA\Non-TA_Process\Proc_Ctr_sends__Adjusted_Order_of_Support__to_all_parties.htm
!screenlayout!\2017_01_20_a\layout.css|template\2017_01_20_A\layout.css
intake\non-ta_cases_-_introduction\ability_to_suppress_personally_idenifying_information.htm|INTAKE\Non-TA_Cases_-_Introduction\Ability_to_Suppress_Personally_Idenifying_Information.htm
cola\eligibility\eligible_ledgers.htm|COLA\Eligibility\Eligible_Ledgers.htm
screens_you_will_encounter_-_master_list\to_view_the_cpi-u_data_from_any_page_in_assets.htm|Screens_You_Will_Encounter_-_Master_List\To_View_the_CPI-U_Data_From_Any_Page_In_ASSETS.htm
screens_you_will_encounter_-_master_list\enforcement_mode_-_respondent_assets_information_tab.htm|Screens_You_Will_Encounter_-_Master_List\Enforcement_Mode_-_Respondent_Assets_Information_tab.htm
25_dollar_annual_fee.mp4|25_dollar_annual_fee.mp4
project_notes\style_guide_for_manual\5a9574f68100dimage1.gif|PROJECT_NOTES\Style_Guide_for_Manual\5a9574f68100dimage1.gif
project_notes\style_guide_for_manual\master page properties for screenshot pages.png|PROJECT_NOTES\Style_Guide_for_Manual\Master_Page_Properties_for_Screenshot_Pages.png
screens_you_will_encounter_-_master_list\modules_-_inquiry_-_basic_search.htm|Screens_You_Will_Encounter_-_Master_List\Modules_-_Inquiry_-_Basic_Search.htm
screens_you_will_encounter_-_master_list\cost_of_living_adjustment_eligible_cases_screen_redacted.png|Screens_You_Will_Encounter_-_Master_List\Cost_of_Living_Adjustment_Eligible_Cases_screen_REDACTED.png
codes\federal_parent_locator_service_codes.htm|Codes\Federal_Parent_Locator_Service_Codes.htm
introduction_to_child_support\introduction_to_child_support.htm|Introduction_to_Child_Support\Introduction_to_Child_Support.htm
intake\ta_process\ta_worker_provides_ldss-4882_to_customer.htm|INTAKE\TA_Process\TA_Worker_provides_LDSS-4882_to_customer.htm
program_manual_style_guide\example_of_code_table_from_assets_user_guide.png|Program_Manual_STYLE_GUIDE\Example_of_Code_Table_from_ASSETS_User_Guide.png
!screenlayout!\otda\filter_desktop.png|template\OTDA\filter_desktop.png
location\manual_-_non-automated_location_searches\image3.png|LOCATION\Manual_-_Non-Automated_Location_Searches\image3.png
screens_you_will_encounter_-_master_list\family_court_interface_-_reports_tab.htm|Screens_You_Will_Encounter_-_Master_List\Family_Court_Interface_-_Reports_tab.htm
!screenlayout!\css_ops_man_2017-05-12\slider_open_rtl.png|template\CSS_Ops_Man_2017-05-12\slider_open_rtl.png
!screenlayout!\css_ops_man_2017-05-12\slider_open_ltr.png|template\CSS_Ops_Man_2017-05-12\slider_open_ltr.png
intake\ta_process\ta worker fills out 4882.png|INTAKE\TA_Process\TA_Worker_fills_out_4882.png
screens_you_will_encounter_-_master_list\cost_of_living_adjustment_(cola)_information_edit.htm|Screens_You_Will_Encounter_-_Master_List\Cost_of_Living_Adjustment_(COLA)_Information_Edit.htm
!screenlayout!\azure_blue_2\toc_book_closed_mobile.png|template\Azure_Blue_2\toc_book_closed_mobile.png
intake\ta_process\page a-5 of the 4882.png|INTAKE\TA_Process\Page_A-5_of_the_4882.png
!screenlayout!\azure_blue_2\toc_book_open_mobile.png|template\Azure_Blue_2\toc_book_open_mobile.png
!screenlayout!\css_ops_man_2017-05-12\menu.png|template\CSS_Ops_Man_2017-05-12\menu.png
screens_you_will_encounter_-_master_list\enforcement mode - respondent asset information - low res.png|Screens_You_Will_Encounter_-_Master_List\Enforcement_Mode_-_Respondent_Asset_Information_-_LOW_RES.png
project_notes\troubleshooting_-_project_notes\2017-03-16 - sustainability  short summary.pdf|PROJECT_NOTES\Troubleshooting_-_Project_Notes\2017-03-16_-_Sustainability__Short_Summary.pdf
intake\introduction_to_intake\do_all_clients_need_to_fill_out_an_ldss-4882_.htm|INTAKE\Introduction_to_Intake\Do_all_clients_need_to_fill_out_an_LDSS-4882_.htm
!screenlayout!\azure_blue\next_tab_active.png|template\Azure_Blue\next_tab_active.png
!screenlayout!\azure_blue_2\previous_mobile.png|template\Azure_Blue_2\previous_mobile.png
!screenlayout!\2017_01_20_a\menu.png|template\2017_01_20_A\menu.png
!screenlayout!\azure_blue_2\previous_active.png|template\Azure_Blue_2\previous_active.png
project_notes\style_guide_for_manual\snippets_used_in_this_manual_-_a_reference_table.htm| 
screens_you_will_encounter_-_master_list\welfare reporting and tracking system screen.png|Screens_You_Will_Encounter_-_Master_List\Welfare_Reporting_and_Tracking_System_screen.png
!screenlayout!\otda\toc_book_open_drildown.png|template\OTDA\toc_book_open_drildown.png
red_down.gif|red_down.gif
appendices\petitions\supportpetition_dss.pdf|Appendices\Petitions\SupportPetition_DSS.pdf
appendices\petitions\supportpetition_css.pdf|Appendices\Petitions\SupportPetition_CSS.pdf
location\screenshots_and_documents_needed_for_location_chapter.htm|LOCATION\Screenshots_and_Documents_Needed_for_Location_Chapter.htm
roadmaps - demo - 2017-06-09 - b.mp4|Roadmaps_-_Demo_-_2017-06-09_-_B.mp4
screens_you_will_encounter_-_master_list\case mode - child tab.png|Screens_You_Will_Encounter_-_Master_List\Case_Mode_-_Child_tab.png
notices_and_correspondence\image3.gif|Notices_and_Correspondence\image3.gif
cola\objection_process\court_receives_objection.htm|COLA\Objection_Process\Court_receives_objection.htm
!screenlayout!\azure_blue_2\toc_topic_desktop.png|template\Azure_Blue_2\toc_topic_desktop.png
!screenlayout!\css_ops_man_2017-05-12\previous_tab.png|template\CSS_Ops_Man_2017-05-12\previous_tab.png
paternity_establishment\paternity_establishment_process\roadmap - paternity establishment - 2018-04-27 - a.png|PATERNITY_ESTABLISHMENT\Paternity_Establishment_Process\Roadmap_-_Paternity_Establishment_-_2018-04-27_-_A.png
intake\troubleshooting_-_intake\assets_changes_cp_or_ncp_address.htm|INTAKE\Troubleshooting_-_Intake\ASSETS_Changes_CP_or_NCP_Address.htm
!screenlayout!\azure_blue\search_mobile.png|template\Azure_Blue\search_mobile.png
codes\status_and_reason_codes-header.png|Codes\Status_and_Reason_Codes-HEADER.png
screens_you_will_encounter_-_master_list\enforcement mode - nys tax and finance enforcement tab.png|Screens_You_Will_Encounter_-_Master_List\Enforcement_Mode_-_NYS_Tax_and_Finance_Enforcement_tab.png
screens_you_will_encounter_-_master_list\enforcement_mode___nys_tax_and_finance_enforcement_tab.htm|Screens_You_Will_Encounter_-_Master_List\Enforcement_Mode___NYS_Tax_and_Finance_Enforcement_tab.htm
project_notes\troubleshooting_-_project_notes\search_results_contain_underscores.htm| 
processing_center\how_data_is_captured_at_the_processing_center.htm|PROCESSING_CENTER\How_Data_Is_Captured_at_the_Processing_Center.htm
project_notes\research_resources_-_child_support\new_topic1.htm| 
!screenlayout!\azure_blue\next_mobile_active.png|template\Azure_Blue\next_mobile_active.png
location\smes_for_location_chapter.htm|LOCATION\SMEs_for_Location_Chapter.htm
intake\case-building\status information tab - redacted - c.png|INTAKE\Case-Building\Status_Information_tab_-_redacted_-_C.png
!screenlayout!\otda\toc_link_mobile_rtl.png|template\OTDA\toc_link_mobile_rtl.png
!screenlayout!\otda\andsearch_nomark.png|template\OTDA\andsearch_nomark.png
!screenlayout!\otda\toc_link_mobile_ltr.png|template\OTDA\toc_link_mobile_ltr.png
!screenlayout!\2017_01_20_a\social_close_rtl.png|template\2017_01_20_A\social_close_rtl.png
!screenlayout!\2017_01_20_a\social_close_ltr.png|template\2017_01_20_A\social_close_ltr.png
program_manual_style_guide\file extensions in robohelp.png|Program_Manual_STYLE_GUIDE\File_Extensions_in_RoboHelp.png
screens_you_will_encounter_-_master_list\case mode - respondent information tab screen.png|Screens_You_Will_Encounter_-_Master_List\Case_Mode_-_Respondent_Information_tab_screen.png
appendices\forms_-_alphabetical_order.htm|Appendices\Forms_-_Alphabetical_Order.htm
!screenlayout!\otda\back_mobile_filter.png|template\OTDA\back_mobile_filter.png
codes\child_services_category_codes.htm|Codes\Child_Services_Category_Codes.htm
codes\federal_parent_locator_service_exception_codes.htm|Codes\Federal_Parent_Locator_Service_Exception_Codes.htm
project_notes\robohelp - backups and file locations - thiel.pdf|PROJECT_NOTES\RoboHelp_-_Backups_and_File_Locations_-_Thiel.pdf
location\manual_-_non-automated_location_searches\manually_enter_a_new_respondent_address_into_case_record.htm|LOCATION\Manual_-_Non-Automated_Location_Searches\Manually_Enter_a_New_Respondent_Address_Into_Case_Record.htm
!screenlayout!\2017_01_20_a\next_tab_active.png|template\2017_01_20_A\next_tab_active.png
!screenlayout!\azure_blue\next_tab.png|template\Azure_Blue\next_tab.png
codes\standards act indicator codes - 01.png|Codes\Standards_Act_Indicator_Codes_-_01.png
codes\standards act indicator codes - 02.png|Codes\Standards_Act_Indicator_Codes_-_02.png
codes\standards act indicator codes - 03.png|Codes\Standards_Act_Indicator_Codes_-_03.png
codes\standards act indicator codes - 04.png|Codes\Standards_Act_Indicator_Codes_-_04.png
codes\standards act indicator codes - 05.png|Codes\Standards_Act_Indicator_Codes_-_05.png
codes\standards act indicator codes - 06.png|Codes\Standards_Act_Indicator_Codes_-_06.png
codes\standards act indicator codes - 07.png|Codes\Standards_Act_Indicator_Codes_-_07.png
codes\standards act indicator codes - 08.png|Codes\Standards_Act_Indicator_Codes_-_08.png
codes\standards act indicator codes - 09.png|Codes\Standards_Act_Indicator_Codes_-_09.png
codes\standards act indicator codes - 10.png|Codes\Standards_Act_Indicator_Codes_-_10.png
codes\standards act indicator codes - 11.png|Codes\Standards_Act_Indicator_Codes_-_11.png
financial_investigation\laws_and_regulations_related_to_financial_investigations.htm|FINANCIAL_INVESTIGATION\Laws_and_Regulations_Related_to_Financial_Investigations.htm
!screenlayout!\2017_01_20_a\search_desktop.png|template\2017_01_20_A\search_desktop.png
!screenlayout!\otda\next_mobile_active.png|template\OTDA\next_mobile_active.png
!screenlayout!\otda\toc_desktop.png|template\OTDA\toc_desktop.png
location\databases - what info they will yield - 2017-10-20 - a.png|LOCATION\Databases_-_What_Info_They_Will_Yield_-_2017-10-20_-_A.png
intake\safety_net_cases\page a-8 - safety net.png|INTAKE\Safety_Net_Cases\Page_A-8_-_Safety_Net.png
!screenlayout!\azure_blue_2\layout.css|template\Azure_Blue_2\layout.css
intake\ta_process\does_customer_claim_safety_concerns_.htm|INTAKE\TA_Process\Does_customer_claim_safety_concerns_.htm
intake\safety_concerns_-_good_cause_and_domestic_violence\referral_to_domestic_violence_liaison.htm|INTAKE\Safety_Concerns_-_Good_Cause_and_Domestic_Violence\Referral_to_Domestic_Violence_Liaison.htm
codes\cola_request_indicator_codes.htm|Codes\COLA_Request_Indicator_Codes.htm
search box in the child support program manual.mp4|Search_Box_in_the_Child_Support_Program_Manual.mp4
codes\transaction type codes - 07.png|Codes\Transaction_Type_codes_-_07.png
address source codes - 1 of 4.png| 
intake\introduction_to_intake\definition_of_intake.htm|INTAKE\Introduction_to_Intake\Definition_of_Intake.htm
project_notes\style_guide_for_manual\tablet maximum width - new otda parameters.png|PROJECT_NOTES\Style_Guide_for_Manual\Tablet_maximum_width_-_New_OTDA_parameters.png
project_notes\style_guide_for_manual\5a4656bbe245cimage1.gif|PROJECT_NOTES\Style_Guide_for_Manual\5a4656bbe245cimage1.gif
!screenlayout!\otda\previous.png|template\OTDA\previous.png
homepage.htm|homepage.htm
!screenlayout!\azure_blue\index_tab.png|template\Azure_Blue\index_tab.png
!screenlayout!\azure_blue_2\print_desktop.png|template\Azure_Blue_2\print_desktop.png
screens_you_will_encounter_-_master_list\cans without cins report - b.png|Screens_You_Will_Encounter_-_Master_List\CANs_Without_CINS_Report_-_B.png
!screenlayout!\css_ops_man_2017-05-12\previous.png|template\CSS_Ops_Man_2017-05-12\previous.png
!screenlayout!\css_ops_man_2017-05-12\filter_mark_radio.png|template\CSS_Ops_Man_2017-05-12\filter_mark_radio.png
program_manual_style_guide\file_extensions_in_the_robohelp_program.htm|Program_Manual_STYLE_GUIDE\File_Extensions_in_the_RoboHelp_Program.htm
!screenlayout!\2017_01_20_a\search_desktop_active.png|template\2017_01_20_A\search_desktop_active.png
!screenlayout!\2017_01_20_a\toc_tab.png|template\2017_01_20_A\toc_tab.png
!screenlayout!\azure_blue\toc_topic_mobile.png|template\Azure_Blue\toc_topic_mobile.png
!screenlayout!\css_ops_man_2017-05-12\filter_desktop.png|template\CSS_Ops_Man_2017-05-12\filter_desktop.png
!screenlayout!\css_ops_man_2017-05-12\filter_mark.png|template\CSS_Ops_Man_2017-05-12\filter_mark.png
intake\direct-from-court_cases\worker_assesses_whether_there_is_sufficient_info_to_build_the_case.htm| 
intake\safety_net_cases\safety_net_cases.htm|INTAKE\Safety_Net_Cases\Safety_Net_Cases.htm
!screenlayout!\2017_01_20_a\next_mobile.png|template\2017_01_20_A\next_mobile.png
!screenlayout!\azure_blue_2\toc_book_open_drildown.png|template\Azure_Blue_2\toc_book_open_drildown.png
!screenlayout!\css_ops_man_2017-05-12\layout-rtl.css|template\CSS_Ops_Man_2017-05-12\layout-rtl.css
paternity_establishment\paternity_establishment_process\roadmap_paternity_establishment.htm|PATERNITY_ESTABLISHMENT\Paternity_Establishment_Process\Roadmap_Paternity_Establishment.htm
appendices\infs_--_informational_letters.htm|Appendices\INFs_--_Informational_Letters.htm
intake\direct-from-court_cases\court_sends_the_order_to_cseu.htm| 
screens_you_will_encounter_-_master_list\enforcement mode - professional license tab.png|Screens_You_Will_Encounter_-_Master_List\Enforcement_Mode_-_Professional_License_tab.png
paternity_establishment\unused_content_paternity\documents_related_to_paternity_establishment.htm|PATERNITY_ESTABLISHMENT\UNUSED_CONTENT_PATERNITY\Documents_Related_to_Paternity_Establishment.htm
ehlpdhtm.js|ehlpdhtm.js
!screenlayout!\azure_blue\previous.png|template\Azure_Blue\previous.png
location\databases_used_for_location_searches\databases - what info they will yield - 2017-11-28 - a - one of two.png|LOCATION\Databases_Used_for_Location_Searches\Databases_-_What_Info_They_Will_Yield_-_2017-11-28_-_A_-_one_of_two.png
location\databases_used_for_location_searches\databases - what info they will yield - 2017-11-28 - a - two of two.png|LOCATION\Databases_Used_for_Location_Searches\Databases_-_What_Info_They_Will_Yield_-_2017-11-28_-_A_-_two_of_two.png
!screenlayout!\azure_blue_2\toc_book_open_desktop.png|template\Azure_Blue_2\toc_book_open_desktop.png
intake\introduction_to_intake\applications_versus_referrals.htm|INTAKE\Introduction_to_Intake\Applications_versus_Referrals.htm
screens_you_will_encounter_-_master_list\case mode - respondent financial tab - low res.png|Screens_You_Will_Encounter_-_Master_List\Case_Mode_-_Respondent_Financial_tab_-_LOW_RES.png
!screenlayout!\2017_01_20_a\toc_topic_mobile.png|template\2017_01_20_A\toc_topic_mobile.png
intake\the_application_referral_form_ldss-4882\section_c_--_checking_box_1_or_box_2.htm|INTAKE\The_Application_Referral_Form_LDSS-4882\Section_C_--_Checking_Box_1_or_Box_2.htm
introduction_to_the_child_support_operations_manual\introduction_-_child_support_operations_manual.htm| 
!screenlayout!\css_ops_man_2017-05-12\toc_topic_desktop.png|template\CSS_Ops_Man_2017-05-12\toc_topic_desktop.png
!screenlayout!\2017_01_20_a\index_tab.png|template\2017_01_20_A\index_tab.png
program_manual_style_guide\sdlc - mt 04.png|Program_Manual_STYLE_GUIDE\SDLC_-_MT_04.png
program_manual_style_guide\sdlc - mt 01.png|Program_Manual_STYLE_GUIDE\SDLC_-_MT_01.png
processing_center\introduction_to_the_processing_center.htm| 
intake\introduction_to_intake\linking_cases_--_should_you_do_it_.htm|INTAKE\Introduction_to_Intake\Linking_Cases_--_Should_You_Do_It_.htm
program_manual_style_guide\word_list.htm|Program_Manual_STYLE_GUIDE\Word_List.htm
cola\objection_process\workers_conducts_financial_investigation.htm|COLA\Objection_Process\Workers_conducts_financial_investigation.htm
screens_you_will_encounter_-_master_list\case_mode___case_information.htm|Screens_You_Will_Encounter_-_Master_List\Case_Mode___Case_Information.htm
!screenlayout!\2017_01_20_a\filter_clearall.png|template\2017_01_20_A\filter_clearall.png
!screenlayout!\css_ops_man_2017-05-12\filter_nomark_radio.png|template\CSS_Ops_Man_2017-05-12\filter_nomark_radio.png
!screenlayout!\azure_blue_2\glossary_tab.png|template\Azure_Blue_2\glossary_tab.png
!screenlayout!\2017_01_20_a\toc_link_mobile_rtl.png|template\2017_01_20_A\toc_link_mobile_rtl.png
!screenlayout!\2017_01_20_a\toc_link_mobile_ltr.png|template\2017_01_20_A\toc_link_mobile_ltr.png
screens_you_will_encounter_-_master_list\summary_mode_-_respondent_employer_summary_screen.htm|Screens_You_Will_Encounter_-_Master_List\Summary_Mode_-_Respondent_Employer_Summary_screen.htm
index - 2017-06-09 - b.mp4|Index_-_2017-06-09_-_B.mp4
graphics_global\learn more button - green 25 percent.png|Graphics_Global\Learn_more_button_-_green_25_percent.png
!screenlayout!\azure_blue\loading.gif|template\Azure_Blue\loading.gif
!screenlayout!\otda\next_mobile.png|template\OTDA\next_mobile.png
paper clip - small.png| 
!screenlayout!\otda\next_active.png|template\OTDA\next_active.png
intake\non-ta_process_-_intake\has_customer_indicated_any_safety_concerns_.htm|INTAKE\Non-TA_Process_-_Intake\Has_customer_indicated_any_safety_concerns_.htm
screens_you_will_encounter_-_master_list\case_mode_-_status_information_screen.htm|Screens_You_Will_Encounter_-_Master_List\Case_Mode_-_Status_Information_screen.htm
intake\safety_concerns_-_good_cause_and_domestic_violence\domestic_violence_liaison__what_they_do.htm|INTAKE\Safety_Concerns_-_Good_Cause_and_Domestic_Violence\Domestic_Violence_Liaison__What_They_Do.htm
intake\case-building\referral search screen - a.png|INTAKE\Case-Building\Referral_Search_screen_-_A.png
!screenlayout!\azure_blue_2\back_mobile_filter.png|template\Azure_Blue_2\back_mobile_filter.png
cola\troubleshooting_-_cola\proc_ctr_receives_an_unsigned_request_for_a_cola.htm|COLA\Troubleshooting_-_COLA\Proc_Ctr_Receives_an_Unsigned_Request_for_a_COLA.htm
codes\paternity_indicator_codes.htm|Codes\Paternity_Indicator_codes.htm
!screenlayout!\azure_blue\glossary_mobile.png|template\Azure_Blue\glossary_mobile.png
!screenlayout!\otda\next_tab.png|template\OTDA\next_tab.png
!screenlayout!\azure_blue\layout.css|template\Azure_Blue\layout.css
program_manual_style_guide\assets_-_paths_aka_breadcrumbs.htm|Program_Manual_STYLE_GUIDE\ASSETS_-_Paths_aka_breadcrumbs.htm
intake\ta_process\ta worker fills out part of 4882.png|INTAKE\TA_Process\TA_Worker_fills_out_part_of_4882.png
screens_you_will_encounter_-_master_list\worker_alerts_enforcement_mode_fcr_tab.png|Screens_You_Will_Encounter_-_Master_List\Worker_Alerts_Enforcement_Mode_FCR_tab.png
!screenlayout!\azure_blue\social_open.png|template\Azure_Blue\social_open.png
!screenlayout!\otda\search_tab.png|template\OTDA\search_tab.png
cola\objection_process\objection process - whole - 2017-07-13 - a.png|COLA\Objection_Process\Objection_Process_-_WHOLE_-_2017-07-13_-_A.png
intake\non-ta_cases_-_introduction\family_violence_indicator_(fvi)_in_non-ta_cases.htm| 
cola\intro_to_cola\ta_accounts_versus_non-ta_accounts__different_cola_processes.htm|COLA\Intro_to_COLA\TA_Accounts_versus_Non-TA_Accounts__Different_COLA_Processes.htm
intake\direct-from-court_cases\is_a_signed_request_for_services_attached_to_the_order_.htm| 
screens_you_will_encounter_-_master_list\family_court_interface_reports_tab.png|Screens_You_Will_Encounter_-_Master_List\Family_Court_Interface_Reports_tab.png
!screenlayout!\css_ops_man_2017-05-12\index_mobile.png|template\CSS_Ops_Man_2017-05-12\index_mobile.png
!screenlayout!\otda\back_mobile_ltr.png|template\OTDA\back_mobile_ltr.png
appendices\court_documents.htm|Appendices\Court_Documents.htm
introduction_to_child_support\glossary of the child support program manual - 20180123.pdf|Introduction_to_Child_Support\Glossary_of_the_Child_Support_Program_Manual_-_20180123.pdf
notices_and_correspondence\affidavit_of_prior_application.htm|Notices_and_Correspondence\Affidavit_of_Prior_Application.htm
collection\introduction_to_support_collection.htm| 
intake\ta_process\roadmap__ta_process_for_intake.htm|INTAKE\TA_Process\Roadmap__TA_Process_for_Intake.htm
cola\non-ta_process\no_objection__cola_takes_effect_in_60_days.htm|COLA\Non-TA_Process\No_objection__COLA_takes_effect_in_60_days.htm
child_support_ops_man.hhc|index.hhc
codes\transaction type codes - 09.png|Codes\Transaction_Type_codes_-_09.png
screens_you_will_encounter_-_master_list\worker_alerts_enforcement_mode_warnings_tab.png|Screens_You_Will_Encounter_-_Master_List\Worker_Alerts_Enforcement_Mode_Warnings_tab.png
collection\undeliverable_mail_or_returned_mail.htm| 
introduction_to_the_child_support_operations_manual\acknowledgements.htm| 
cola\non-ta_process\roadmap__non-ta_process.htm|COLA\Non-TA_Process\Roadmap__Non-TA_Process.htm
screens_you_will_encounter_-_master_list\iva - ivd interface - redacted.png|Screens_You_Will_Encounter_-_Master_List\IVA_-_IVD_Interface_-_REDACTED.png
location\introduction_to_location\essential_screens_in_the_location_process.htm|LOCATION\Introduction_to_Location\Essential_Screens_in_the_Location_Process.htm
!screenlayout!\css_ops_man_2017-05-12\index_tab.png|template\CSS_Ops_Man_2017-05-12\index_tab.png
project_notes\style_guide_for_manual\tablet maximum width - layout customization - original.png|PROJECT_NOTES\Style_Guide_for_Manual\Tablet_maximum_width_-_Layout_Customization_-_original.png
cpi_cssa_chart_2017.png|CPI_CSSA_chart_2017.png
screens_you_will_encounter_-_master_list\summary_mode_-_respondent_address_details_screen.htm|Screens_You_Will_Encounter_-_Master_List\Summary_Mode_-_Respondent_Address_Details_screen.htm
codes\transaction_type_codes.htm|Codes\Transaction_Type_Codes.htm
codes\transaction type codes - 05.png|Codes\Transaction_Type_codes_-_05.png
program_manual_style_guide\to_prepare_for_writing_a_new_chapter.htm|Program_Manual_STYLE_GUIDE\To_Prepare_For_Writing_a_New_Chapter.htm
!screenlayout!\2017_01_20_a\idx_topic.png|template\2017_01_20_A\idx_topic.png
intake\direct-from-court_cases\does_worker_have_enough_info_to_build_the_case_and_account_.htm| 
location\verification_of_address_or_employment\whbr_wage_and_health_benefits_report.htm|LOCATION\Verification_of_Address_or_Employment\WHBR_Wage_and_Health_Benefits_Report.htm
processing_center\processing_center_-_cover_page.htm|PROCESSING_CENTER\Processing_Center_-_Cover_Page.htm
intake\intake_-_cover_page.htm|INTAKE\Intake_-_Cover_Page.htm
screens_you_will_encounter_-_master_list\summary mode - respondent address tab screen.png|Screens_You_Will_Encounter_-_Master_List\Summary_Mode_-_Respondent_Address_Tab_screen.png
cola\ta_process\ta process - 2017-07-07 - c.png|COLA\TA_Process\TA_Process_-_2017-07-07_-_C.png
!screenlayout!\css_ops_man_2017-05-12\idx_topic.png|template\CSS_Ops_Man_2017-05-12\idx_topic.png
intake\non-ta_process_-_intake\ldss-4882b - page x of x.png|INTAKE\Non-TA_Process_-_Intake\LDSS-4882B_-_Page_X_of_X.png
intake\non-ta_process_-_intake\ldss-4882c - page x of x.png|INTAKE\Non-TA_Process_-_Intake\LDSS-4882C_-_Page_X_of_X.png
!screenlayout!\otda\print_desktop.png|template\OTDA\print_desktop.png
!screenlayout!\css_ops_man_2017-05-12\logo.png|template\CSS_Ops_Man_2017-05-12\logo.png
2018_04_25_-_acknowledgement of_paternity_webinar.mp4|2018_04_25_-_Acknowledgement_of_Paternity_webinar.mp4
!screenlayout!\otda\filter_nomark_radio.png|template\OTDA\filter_nomark_radio.png
!screenlayout!\otda\filter_tab_applied.png|template\OTDA\filter_tab_applied.png
intake\non-ta_process_-_intake\has_customer_requested_legal_services_.htm|INTAKE\Non-TA_Process_-_Intake\Has_customer_requested_legal_services_.htm
cola\notices_documents_and_correspondence\cola_notices_-_sent_from_processing_center.htm|COLA\Notices_Documents_and_Correspondence\COLA_Notices_-_Sent_from_Processing_Center.htm
intake\case-building\select case type on online application form.png|INTAKE\Case-Building\Select_Case_Type_on_Online_Application_Form.png
standards act indicator codes - header.png|Standards_Act_Indicator_Codes_-_header.png
!screenlayout!\azure_blue\index_mobile.png|template\Azure_Blue\index_mobile.png
!screenlayout!\2017_01_20_a\print_desktop.png|template\2017_01_20_A\print_desktop.png
!screenlayout!\css_ops_man_2017-05-12\search_desktop_navigation.png|template\CSS_Ops_Man_2017-05-12\search_desktop_navigation.png
location\dev_server_only_-_for_now\fraud_investigations.htm| 
screens_you_will_encounter_-_master_list\screens_you_ll_encounter_in_cola.htm| 
!screenlayout!\otda\toc_topic_mobile.png|template\OTDA\toc_topic_mobile.png
!screenlayout!\css_ops_man_2017-05-12\filter_mobile.png|template\CSS_Ops_Man_2017-05-12\filter_mobile.png
screens_you_will_encounter_-_master_list\case_mode_-_respondent_financial_tab.htm|Screens_You_Will_Encounter_-_Master_List\Case_Mode_-_Respondent_Financial_tab.htm
intake\the_application_referral_form_ldss-4882\forms_--_intake_forms.htm|INTAKE\The_Application_Referral_Form_LDSS-4882\Forms_--_Intake_Forms.htm
!screenlayout!\azure_blue\toc_link_desktop_rtl.png|template\Azure_Blue\toc_link_desktop_rtl.png
!screenlayout!\azure_blue\toc_link_desktop_ltr.png|template\Azure_Blue\toc_link_desktop_ltr.png
cola\non-ta_process\cp_and_ncp_decide_whether_to_object_to_cola.htm|COLA\Non-TA_Process\CP_and_NCP_Decide_Whether_to_Object_to_COLA.htm
videos\filtering your content  in the child support program manual.mp4| 
!screenlayout!\otda\previous_tab.png|template\OTDA\previous_tab.png
!screenlayout!\azure_blue_2\slider_open_ltr.png|template\Azure_Blue_2\slider_open_ltr.png
!screenlayout!\azure_blue_2\glossary_mobile.png|template\Azure_Blue_2\glossary_mobile.png
do_not_publish\databases_-_what_info_they_will_yield.htm| 
screens_you_will_encounter_-_master_list\case_mode___respoondent_information_tab.htm|Screens_You_Will_Encounter_-_Master_List\Case_Mode___Respoondent_Information_tab.htm
codes\family_violence_indicator_codes.htm|Codes\Family_Violence_Indicator_codes.htm
intake\the_application_referral_form_ldss-4882\application search screen - redacted.jpg|INTAKE\The_Application_Referral_Form_LDSS-4882\Application_Search_Screen_-_redacted.jpg
enforcement\worker alerts - modes and tabs - 2017-10-06 - a.png|ENFORCEMENT\Worker_Alerts_-_Modes_and_Tabs_-_2017-10-06_-_A.png
screens_you_will_encounter_-_master_list\application form in assets - a1.png|Screens_You_Will_Encounter_-_Master_List\Application_Form_in_Assets_-_A1.png
screens_you_will_encounter_-_master_list\application form in assets - a2.png|Screens_You_Will_Encounter_-_Master_List\Application_Form_in_Assets_-_A2.png
screens_you_will_encounter_-_master_list\application form in assets - a3.png|Screens_You_Will_Encounter_-_Master_List\Application_Form_in_Assets_-_A3.png
screens_you_will_encounter_-_master_list\application form in assets - a4.png|Screens_You_Will_Encounter_-_Master_List\Application_Form_in_Assets_-_A4.png
screens_you_will_encounter_-_master_list\application form in assets - a5.png|Screens_You_Will_Encounter_-_Master_List\Application_Form_in_Assets_-_A5.png
screens_you_will_encounter_-_master_list\application form in assets - b1.png|Screens_You_Will_Encounter_-_Master_List\Application_Form_in_Assets_-_B1.png
screens_you_will_encounter_-_master_list\application form in assets - b2.png|Screens_You_Will_Encounter_-_Master_List\Application_Form_in_Assets_-_B2.png
screens_you_will_encounter_-_master_list\application form in assets - b3.png|Screens_You_Will_Encounter_-_Master_List\Application_Form_in_Assets_-_B3.png
screens_you_will_encounter_-_master_list\application form in assets - b4.png|Screens_You_Will_Encounter_-_Master_List\Application_Form_in_Assets_-_B4.png
screens_you_will_encounter_-_master_list\application form in assets - c1.png|Screens_You_Will_Encounter_-_Master_List\Application_Form_in_Assets_-_C1.png
screens_you_will_encounter_-_master_list\application form in assets - c2.png|Screens_You_Will_Encounter_-_Master_List\Application_Form_in_Assets_-_C2.png
screens_you_will_encounter_-_master_list\application form in assets - c3.png|Screens_You_Will_Encounter_-_Master_List\Application_Form_in_Assets_-_C3.png
screens_you_will_encounter_-_master_list\application form in assets - c4.png|Screens_You_Will_Encounter_-_Master_List\Application_Form_in_Assets_-_C4.png
screens_you_will_encounter_-_master_list\application form in assets - c5.png|Screens_You_Will_Encounter_-_Master_List\Application_Form_in_Assets_-_C5.png
intake\change_in_payee\change_in_payee_notice_(non-iv-d_css_case)_(sample).pdf|INTAKE\Change_in_Payee\Change_in_Payee_Notice_(Non-IV-D_CSS_case)_(sample).pdf
!screenlayout!\azure_blue\idx_topic.png|template\Azure_Blue\idx_topic.png
appendices\petitions\paternitypetition_dss_otp.pdf|Appendices\Petitions\PaternityPetition_DSS_OTP.pdf
appendices\petitions\paternitypetition_css_otp.pdf|Appendices\Petitions\PaternityPetition_CSS_OTP.pdf
program_manual_style_guide\code tables - master page - generic.png|Program_Manual_STYLE_GUIDE\Code_Tables_-_Master_Page_-_GENERIC.png
!screenlayout!\otda\previous_active.png|template\OTDA\previous_active.png
!screenlayout!\otda\previous_mobile.png|template\OTDA\previous_mobile.png
location\manual_-_non-automated_location_searches\how_to_manually_enter_an_employer_into_the_case_record.htm|LOCATION\Manual_-_Non-Automated_Location_Searches\How_to_Manually_Enter_an_Employer_into_the_Case_Record.htm
appendices\timelines_for_case_processing.htm|Appendices\Timelines_for_Case_Processing.htm
!screenlayout!\css_ops_man_2017-05-12\andsearch_nomark.png| 
!screenlayout!\css_ops_man_2017-05-12\next_tab_active.png|template\CSS_Ops_Man_2017-05-12\next_tab_active.png
!screenlayout!\azure_blue\top.png|template\Azure_Blue\top.png
project_notes\style_guide_for_manual\print_icon_in_the_function_bar.htm| 
intake\ta_cases_intake_introduction\the_iva-ivd_interface_report.htm|INTAKE\TA_Cases_Intake_Introduction\The_IVA-IVD_Interface_Report.htm
!screenlayout!\otda\search_desktop.png|template\OTDA\search_desktop.png
codes\iv-d_indicator_codes.htm|Codes\IV-D_Indicator_Codes.htm
codes\transaction type codes - 02.png|Codes\Transaction_Type_codes_-_02.png
!screenlayout!\otda\idx_topic.png|template\OTDA\idx_topic.png
!screenlayout!\azure_blue_2\filter_desktop_applied.png|template\Azure_Blue_2\filter_desktop_applied.png
!screenlayout!\azure_blue_2\previous_mobile_active.png|template\Azure_Blue_2\previous_mobile_active.png
!screenlayout!\css_ops_man_2017-05-12\index_desktop.png|template\CSS_Ops_Man_2017-05-12\index_desktop.png
cola\ta_process\image30.gif|COLA\TA_Process\image30.gif
!screenlayout!\2017_01_20_a\back_mobile_ltr.png|template\2017_01_20_A\back_mobile_ltr.png
intake\ta_cases_intake_introduction\if_the_ta_unit_denies_temporary_assistance.htm|INTAKE\TA_Cases_Intake_Introduction\If_the_TA_Unit_Denies_Temporary_Assistance.htm
!screenlayout!\azure_blue\glossary_tab.png|template\Azure_Blue\glossary_tab.png
intake\eligibility_for_child_support_services\eligible_cases.htm|INTAKE\Eligibility_for_Child_Support_Services\Eligible_Cases.htm
codes\f_group_-_status_and_reason_codes.htm|Codes\F_Group_-_Status_and_Reason_Codes.htm
codes\v_group_-_status_and_reason_codes.htm|Codes\V_Group_-_Status_and_Reason_Codes.htm
codes\c_group_-_status_and_reason_codes.htm|Codes\C_Group_-_Status_and_Reason_Codes.htm
codes\l_group_-_status_and_reason_codes.htm|Codes\L_Group_-_Status_and_Reason_Codes.htm
codes\y_group_-_status_and_reason_codes.htm|Codes\Y_Group_-_Status_and_Reason_Codes.htm
processing_center\notes_re_processing_center.htm|PROCESSING_CENTER\NOTES_re_Processing_Center.htm
codes\p_group_-_status_and_reason_codes.htm|Codes\P_Group_-_Status_and_Reason_Codes.htm
codes\x_group_-_status_and_reason_codes.htm|Codes\X_Group_-_Status_and_Reason_Codes.htm
!screenlayout!\azure_blue\search_desktop_navigation.png|template\Azure_Blue\search_desktop_navigation.png
screens_you_will_encounter_-_master_list\worker_alerts_-_iva_mode_-_cans_on_system_without_cins.htm|Screens_You_Will_Encounter_-_Master_List\Worker_Alerts_-_IVA_Mode_-_CANs_On_System_Without_CINs.htm
!screenlayout!\azure_blue\index_desktop.png|template\Azure_Blue\index_desktop.png
!screenlayout!\azure_blue\filter_desktop.png|template\Azure_Blue\filter_desktop.png
location\automated_location_searches\new_hire_reporting_overview_2018-02-15_b.png|LOCATION\Automated_Location_Searches\New_Hire_Reporting_Overview_2018-02-15_B.png
intake\non-ta_process_-_intake\checkbox to indicate 4882 b - checkbox.png|INTAKE\Non-TA_Process_-_Intake\Checkbox_to_Indicate_4882_B_-_Checkbox.png
introduction_to_the_child_support_operations_manual\servers_-_development,_test,_production.htm|Introduction_to_the_Child_Support_Operations_Manual\Servers_-_Development,_Test,_Production.htm
!screenlayout!\2017_01_20_a\filter_tab_applied.png|template\2017_01_20_A\filter_tab_applied.png
cola\graphics_for_cola\how is a cola calculated.png|COLA\Graphics_for_COLA\How_is_a_COLA_Calculated.png
location\verification_of_address_or_employment\how_to_generate_a_pcl.htm|LOCATION\Verification_of_Address_or_Employment\How_to_Generate_a_PCL.htm
cola\troubleshooting_-_cola\cannot_edit_the__cej_state__field_in_assets.htm|COLA\Troubleshooting_-_COLA\Cannot_edit_the__CEJ_State__field_in_ASSETS.htm
!screenlayout!\2017_01_20_a\search_mobile_active.png|template\2017_01_20_A\search_mobile_active.png
graphics_global\learn_more_button.gif|Graphics_Global\Learn_More_button.gif
!screenlayout!\azure_blue_2\menu.png|template\Azure_Blue_2\menu.png
!screenlayout!\azure_blue\previous_active.png|template\Azure_Blue\previous_active.png
intake\direct-from-court_cases\cp_or_ncp_misses_deadline_to_return_ldss-4882.htm| 
intake\direct-from-court_cases\worker_builds_case_and_account.htm| 
!screenlayout!\azure_blue_2\filter_desktop.png|template\Azure_Blue_2\filter_desktop.png
paternity_establishment\introduction_to_paternity_establishment\introduction_to_paternity_establishment.htm|PATERNITY_ESTABLISHMENT\Introduction_to_Paternity_Establishment\Introduction_to_Paternity_Establishment.htm
!screenlayout!\azure_blue\search_tab.png|template\Azure_Blue\search_tab.png
intake\case-building\5a132b53011d4wrts - referral search screen - a.png|INTAKE\Case-Building\5a132b53011d4WRTS_-_Referral_Search_screen_-_a.png
screens_you_will_encounter_-_master_list\image39.gif|Screens_You_Will_Encounter_-_Master_List\image39.gif
intake\safety_concerns_-_good_cause_and_domestic_violence\good_cause_versus_domestic_violence_waivers.htm|INTAKE\Safety_Concerns_-_Good_Cause_and_Domestic_Violence\Good_Cause_versus_Domestic_Violence_Waivers.htm
intake\direct-from-court_cases\is_a_signed_request_for_services_available_on_court_interface_.htm| 
!screenlayout!\azure_blue\previous_mobile.png|template\Azure_Blue\previous_mobile.png
intake\non-ta_process_-_intake\legal rates for non-ta customers.png|INTAKE\Non-TA_Process_-_Intake\Legal_Rates_for_Non-TA_customers.png
!screenlayout!\otda\toc_topic_desktop.png|template\OTDA\toc_topic_desktop.png
!screenlayout!\css_ops_man_2017-05-12\search_desktop_active.png|template\CSS_Ops_Man_2017-05-12\search_desktop_active.png
notices_and_correspondence\account_creation_summary.htm|Notices_and_Correspondence\Account_Creation_Summary.htm
!screenlayout!\2017_01_20_a\glossary_desktop.png|template\2017_01_20_A\glossary_desktop.png
!screenlayout!\azure_blue\filter_mobile.png|template\Azure_Blue\filter_mobile.png
intake\ta_process\worker_examines_supporting_documentation.htm|INTAKE\TA_Process\Worker_examines_supporting_documentation.htm
project_notes\style_guide_for_manual\settings for pop-up code tables.png|PROJECT_NOTES\Style_Guide_for_Manual\Settings_for_Pop-up_Code_Tables.png
project_notes\intake chapter - kug survey - q1 - impressions of intake chapter.pdf|PROJECT_NOTES\Intake_Chapter_-_KUG_Survey_-_Q1_-_Impressions_of_Intake_chapter.pdf
paternity_establishment\paternity_establishment_process\child_section_of_aop_form.png|PATERNITY_ESTABLISHMENT\Paternity_Establishment_Process\Child_section_of_AOP_form.png
cola\objection_process\roadmap - cola - objection process - 2017-09-27 - a.png|COLA\Objection_Process\Roadmap_-_COLA_-_Objection_Process_-_2017-09-27_-_A.png
project_notes\reviews of the new intake chapter.pdf|PROJECT_NOTES\Reviews_of_the_New_Intake_Chapter.pdf
screens_you_will_encounter_-_master_list\iva_-_ivd_interface_screen.htm|Screens_You_Will_Encounter_-_Master_List\IVA_-_IVD_Interface_screen.htm
screens_you_will_encounter_-_master_list\summary_tab.htm|Screens_You_Will_Encounter_-_Master_List\Summary_Tab.htm
account_creation\introduction_to_account_creation.htm|ACCOUNT_CREATION\Introduction_to_Account_Creation.htm
<<reservedfile>>0|index.htm
location\verification_of_address_or_employment\automated_search_finds_respondent_address_2018-02-08 - 115pm.vsdx.png|LOCATION\Verification_of_Address_or_Employment\Automated_Search_Finds_Respondent_Address_2018-02-08_-_115pm.vsdx.png
!screenlayout!\otda\toc_tab.png|template\OTDA\toc_tab.png
location\introduction_to_location\application - mailing address unknown box is checked.png|LOCATION\Introduction_to_Location\Application_-_Mailing_Address_Unknown_box_is_checked.png
cola\ta_process\03.htm|COLA\TA_Process\03.htm
cola\ta_process\02.htm|COLA\TA_Process\02.htm
cola\ta_process\04.htm|COLA\TA_Process\04.htm
cola\ineligibility\cej state word graphic - png.png|COLA\Ineligibility\CEJ_State_Word_Graphic_-_png.png
!screenlayout!\azure_blue_2\filter_mark_radio.png|template\Azure_Blue_2\filter_mark_radio.png
intake\non-ta_process_-_intake\worker_has_initial_contact_with_customer.htm|INTAKE\Non-TA_Process_-_Intake\Worker_has_initial_contact_with_customer.htm
intake\ta_process\worker_interviews_the_customer_(optional).htm|INTAKE\TA_Process\Worker_interviews_the_customer_(Optional).htm
searchoptions.xml|SearchOptions.xml
program_manual_style_guide\code_tables_-_screenshots_from_assets_user_guide.png|Program_Manual_STYLE_GUIDE\Code_Tables_-_Screenshots_from_ASSETS_User_Guide.png
project_notes\intake chapter - kug survey - impressions of manual overall.pdf|PROJECT_NOTES\Intake_Chapter_-_KUG_Survey_-_Impressions_of_manual_overall.pdf
intake\non-ta_process_-_intake\worker_examines_supporting_documentation.htm|INTAKE\Non-TA_Process_-_Intake\Worker_examines_supporting_documentation.htm
screens_you_will_encounter_-_master_list\respondent_employer_detail_tab_-_case_mode.htm|Screens_You_Will_Encounter_-_Master_List\Respondent_Employer_Detail_tab_-_Case_Mode.htm
screens_you_will_encounter_-_master_list\worker_alerts_enforcement_mode_tickers.png|Screens_You_Will_Encounter_-_Master_List\Worker_Alerts_Enforcement_Mode_Tickers.png
screens_you_will_encounter_-_master_list\account_mode_-_money_transactions.htm|Screens_You_Will_Encounter_-_Master_List\Account_Mode_-_Money_Transactions.htm
notices_and_correspondence\account creation summary - page_2.jpg|Notices_and_Correspondence\Account_Creation_Summary_-_Page_2.jpg
notices_and_correspondence\account creation summary - page_3.jpg|Notices_and_Correspondence\Account_Creation_Summary_-_Page_3.jpg
appendices\petitions\paternitypetition_dss.pdf|Appendices\Petitions\PaternityPetition_DSS.pdf
appendices\petitions\paternitypetition_css.pdf|Appendices\Petitions\PaternityPetition_CSS.pdf
appendices\petitions\pif_css_client.pdf|Appendices\Petitions\PIF_CSS_Client.pdf
paternity_establishment\john_doe_interview\interview_-_paternity_establishment_interview.htm| 
screens_you_will_encounter_-_master_list\worker_alerts_enforcement_mode_ticklers.htm|Screens_You_Will_Encounter_-_Master_List\Worker_Alerts_Enforcement_Mode_Ticklers.htm
location\verification_of_address_or_employment\roadmap_worker_obtains_respondent_address_2018-01-31_a.png|LOCATION\Verification_of_Address_or_Employment\Roadmap_Worker_Obtains_Respondent_Address_2018-01-31_A.png
!screenlayout!\otda\filter_clearall.png|template\OTDA\filter_clearall.png
!screenlayout!\azure_blue_2\back_mobile_ltr.png|template\Azure_Blue_2\back_mobile_ltr.png
!screenlayout!\css_ops_man_2017-05-12\toc_book_open_mobile.png|template\CSS_Ops_Man_2017-05-12\toc_book_open_mobile.png
location\manual_-_non-automated_location_searches\deceased_pf_ncp.htm|LOCATION\Manual_-_Non-Automated_Location_Searches\Deceased_PF_NCP.htm
location\new_hire_reporting\proc_ctr_enters_code_v_into_employer_verification_ind_field.htm|LOCATION\New_Hire_Reporting\Proc_Ctr_enters_Code_V_into_Employer_Verification_Ind_field.htm
codes\location_status_indicator_codes.htm|Codes\Location_Status_Indicator_Codes.htm
paternity_establishment\john_doe_interview\interview_questions_useful_for_paternity_establishment.htm| 
financial_investigation_requirements_-_march_2018.mp4|Financial_Investigation_Requirements_-_March_2018.mp4
!screenlayout!\azure_blue_2\social_close_rtl.png|template\Azure_Blue_2\social_close_rtl.png
!screenlayout!\azure_blue_2\social_close_ltr.png|template\Azure_Blue_2\social_close_ltr.png
support_establishment\e-iwo_feins.xls|SUPPORT_ESTABLISHMENT\E-IWO_FEINs.xls
location\databases_used_for_location_searches\parent_locator_service_-_version_a.htm|LOCATION\Databases_Used_for_Location_Searches\Parent_Locator_Service_-_Version_A.htm
cola\objection_process\roadmap__objecting_to_a_cola.htm|COLA\Objection_Process\Roadmap__Objecting_to_a_COLA.htm
location\databases_used_for_location_searches\parent_locator_service_-_version_b.htm|LOCATION\Databases_Used_for_Location_Searches\Parent_Locator_Service_-_Version_B.htm
notices_and_correspondence\account creation summary - page_1 - b.jpg|Notices_and_Correspondence\Account_Creation_Summary_-_Page_1_-_B.jpg
cola\non-ta_process\image39.gif|COLA\Non-TA_Process\image39.gif
!screenlayout!\css_ops_man_2017-05-12\social_close_rtl.png|template\CSS_Ops_Man_2017-05-12\social_close_rtl.png
!screenlayout!\css_ops_man_2017-05-12\social_close_ltr.png|template\CSS_Ops_Man_2017-05-12\social_close_ltr.png
cola\cola_process_page_on_ers.htm|COLA\COLA_Process_Page_on_ERS.htm
codes\messages_on_the_pls_tab.htm|Codes\Messages_on_the_PLS_tab.htm
program_manual_style_guide\code_tables.htm|Program_Manual_STYLE_GUIDE\Code_Tables.htm
!screenlayout!\azure_blue\glossary_desktop.png|template\Azure_Blue\glossary_desktop.png
!screenlayout!\azure_blue_2\search_mobile_navigation.png|template\Azure_Blue_2\search_mobile_navigation.png
intake\non-ta_process_-_intake\safety concerns - on application form.png|INTAKE\Non-TA_Process_-_Intake\Safety_Concerns_-_on_Application_Form.png
screens_you_will_encounter_-_master_list\account mode - money transactions screen - low res.png|Screens_You_Will_Encounter_-_Master_List\Account_Mode_-_Money_Transactions_screen_-_LOW_RES.png
cola\objection_process\assets_locks_ledgers_so_that_no_cola_goes_into_effect_pending_de_novo_hearing.htm|COLA\Objection_Process\ASSETS_locks_ledgers_so_that_no_COLA_goes_into_effect_pending_de_novo_hearing.htm
collection\income_withholding_order_employer_verification_codes.htm| 
intake\direct-from-court_cases\if_there_is_not_sufficient_information_to_build_a_case.htm| 
!screenlayout!\otda\search_desktop_navigation.png|template\OTDA\search_desktop_navigation.png
enforcement\image1.gif|ENFORCEMENT\image1.gif
enforcement\image6.gif|ENFORCEMENT\image6.gif
enforcement\image7.gif|ENFORCEMENT\image7.gif
enforcement\image8.gif|ENFORCEMENT\image8.gif
enforcement\image9.gif|ENFORCEMENT\image9.gif
!screenlayout!\azure_blue_2\next_mobile.png|template\Azure_Blue_2\next_mobile.png
!screenlayout!\2017_01_20_a\filter_tab.png|template\2017_01_20_A\filter_tab.png
intake\direct-from-court_cases\worker_checks_court_interface.htm| 
location\dev_server_only_-_for_now\basic_search.htm| 
support_establishment\sequence_of_events_-_support_establishment.htm|SUPPORT_ESTABLISHMENT\Sequence_of_Events_-_Support_Establishment.htm
location\manual_-_non-automated_location_searches\military_-_pf_or_ncp_is_in_the_military.htm|LOCATION\Manual_-_Non-Automated_Location_Searches\Military_-_PF_or_NCP_Is_In_the_Military.htm
enforcement\dmv\comments_from_oswego_county.htm| 
introduction_to_the_child_support_operations_manual\scope__what_this_chapter_covers.htm|Introduction_to_the_Child_Support_Operations_Manual\Scope__What_This_Chapter_Covers.htm
codes\cola request indicator codes - header.png|Codes\COLA_Request_Indicator_Codes_-_header.png
intake\troubleshooting_-_intake\new_topic.htm|INTAKE\Troubleshooting_-_Intake\New_Topic.htm
!screenlayout!\2017_01_20_a\slider_rtl.png|template\2017_01_20_A\slider_rtl.png
max-width-1050px.css| 
paternity_establishment\paternity_establishment_process\webinar_-_acknowledgement_of_paternity_-_april_25,_2018.htm| 
child_support_operations_manual.glo|index.glo
screens_you_will_encounter_-_master_list\5a9574f68100fcase mode - case information tab.png|Screens_You_Will_Encounter_-_Master_List\5a9574f68100fCase_Mode_-_Case_Information_tab.png
appendices\appendices_cover_page.htm|Appendices\Appendices_Cover_Page.htm
appendices\notes_&_correspondence_-_alphabetical_by_title.htm|Appendices\Notes___Correspondence_-_Alphabetical_by_Title.htm
e-filing_petitions_in_assets.mp4|E-Filing_Petitions_In_ASSETS.mp4
!screenlayout!\azure_blue_2\filter_mark.png|template\Azure_Blue_2\filter_mark.png
location\dev_server_only_-_for_now\respondent_is_in_another_country.htm| 
codes\account_transaction_history_codes.htm|Codes\Account_Transaction_History_Codes.htm
cola\graphics_for_cola\cola_previous_month_dropdown_menu.jpg|COLA\Graphics_for_COLA\COLA_Previous_Month_dropdown_menu.jpg
!screenlayout!\2017_01_20_a\loading.gif|template\2017_01_20_A\loading.gif
intake\direct-from-court_cases\worker_forwards_case_to_collection_enforcement.htm| 
collection\lump_sum_payments.htm| 
case_management_-_draft\partial_waiver_(of_cooperation_requirement).htm| 
screens_you_will_encounter_-_master_list\family_court_interface_-_messages_tab.htm|Screens_You_Will_Encounter_-_Master_List\Family_Court_Interface_-_Messages_tab.htm
project_notes\style_guide_for_manual\image properties dialog box.png|PROJECT_NOTES\Style_Guide_for_Manual\Image_Properties_dialog_box.png
codes\account transaction history codes and types - 01.png|Codes\Account_Transaction_History_Codes_and_Types_-_01.png
codes\account transaction history codes and types - 02.png|Codes\Account_Transaction_History_Codes_and_Types_-_02.png
codes\account transaction history codes and types - 03.png|Codes\Account_Transaction_History_Codes_and_Types_-_03.png
codes\account transaction history codes and types - 04.png|Codes\Account_Transaction_History_Codes_and_Types_-_04.png
codes\account transaction history codes and types - 05.png|Codes\Account_Transaction_History_Codes_and_Types_-_05.png
codes\account transaction history codes and types - 06.png|Codes\Account_Transaction_History_Codes_and_Types_-_06.png
codes\account transaction history codes and types - 07.png|Codes\Account_Transaction_History_Codes_and_Types_-_07.png
codes\account transaction history codes and types - 08.png|Codes\Account_Transaction_History_Codes_and_Types_-_08.png
codes\account transaction history codes and types - 09.png|Codes\Account_Transaction_History_Codes_and_Types_-_09.png
codes\account transaction history codes and types - 10.png|Codes\Account_Transaction_History_Codes_and_Types_-_10.png
screens_you_will_encounter_-_master_list\summary mode - respondent employer summary - low res.png|Screens_You_Will_Encounter_-_Master_List\Summary_Mode_-_Respondent_Employer_Summary_-_LOW_RES.png
appendices\forms_-_numerical_order.htm|Appendices\Forms_-_Numerical_Order.htm
cola\eligibility\multiple_ledgers,_different_payment_frequencies.htm|COLA\Eligibility\Multiple_Ledgers,_Different_Payment_Frequencies.htm
!screenlayout!\css_ops_man_2017-05-12\search_mobile_active.png|template\CSS_Ops_Man_2017-05-12\search_mobile_active.png
codes\frequency codes - header.png|Codes\Frequency_Codes_-_header.png
codes\status_codes_and_meanings.htm| 
location\introduction_to_location\minimum_information_required_to_locate_a_respondent.htm|LOCATION\Introduction_to_Location\Minimum_Information_Required_to_Locate_a_Respondent.htm
intake\non-ta_process_-_intake\worker_sends_customer_to_dvl.htm|INTAKE\Non-TA_Process_-_Intake\Worker_sends_customer_to_DVL.htm
screens_you_will_encounter_-_master_list\case_mode___respondent_employer_detail_edit_tab.htm|Screens_You_Will_Encounter_-_Master_List\Case_Mode___Respondent_Employer_Detail_Edit_tab.htm
screens_you_will_encounter_-_master_list\child_support_standards_act_(cssa)_information_tab_-_redacted.png|Screens_You_Will_Encounter_-_Master_List\Child_Support_Standards_Act_(CSSA)_Information_Tab_-_Redacted.png
program_manual_style_guide\bullet_lists_and_numbered_lists\numbered lists have periods.png|Program_Manual_STYLE_GUIDE\Bullet_Lists_and_Numbered_Lists\Numbered_lists_have_periods.png
!screenlayout!\css_ops_man_2017-05-12\search_mobile.png|template\CSS_Ops_Man_2017-05-12\search_mobile.png
codes\02fips codes - 02.png|Codes\02FIPS_Codes_-_02.png
support_establishment\support_petition_-_preparing_the_petition.htm|SUPPORT_ESTABLISHMENT\Support_Petition_-_Preparing_the_Petition.htm
!screenlayout!\2017_01_20_a\index_desktop.png|template\2017_01_20_A\index_desktop.png
intake\non-ta_process_-_intake\ldss-4882 - request legal services.png|INTAKE\Non-TA_Process_-_Intake\LDSS-4882_-_Request_Legal_Services.png
!screenlayout!\2017_01_20_a\back_mobile_filter.png|template\2017_01_20_A\back_mobile_filter.png
!screenlayout!\azure_blue_2\next.png|template\Azure_Blue_2\next.png
location\verification_of_address_or_employment\intro_to_verifying_address_and_employment.htm|LOCATION\Verification_of_Address_or_Employment\Intro_to_Verifying_Address_and_Employment.htm
!screenlayout!\azure_blue\slider_rtl.png|template\Azure_Blue\slider_rtl.png
project_notes\troubleshooting_-_project_notes\image9.png|PROJECT_NOTES\Troubleshooting_-_Project_Notes\image9.png
cola\non-ta_process\no_cola_requested._no_further_action..htm|COLA\Non-TA_Process\No_COLA_requested._No_further_action..htm
project_notes\style_guide_for_manual\screenshots_-_requirements_and_parameters.htm| 
!screenlayout!\css_ops_man_2017-05-12\filter_mobile_applied.png|template\CSS_Ops_Man_2017-05-12\filter_mobile_applied.png
intake\safety_concerns_-_good_cause_and_domestic_violence\important__setting_fvi_codes.htm|INTAKE\Safety_Concerns_-_Good_Cause_and_Domestic_Violence\IMPORTANT__Setting_FVI_Codes.htm
!screenlayout!\css_ops_man_2017-05-12\previous_active.png|template\CSS_Ops_Man_2017-05-12\previous_active.png
!screenlayout!\azure_blue\andsearch_mark.png|template\Azure_Blue\andsearch_mark.png
!screenlayout!\azure_blue\filter_nomark_radio.png|template\Azure_Blue\filter_nomark_radio.png
codes\ledger_codes_meaning_and_syntax.htm|Codes\Ledger_Codes_Meaning_and_Syntax.htm
location\introduction_to_location\introduction_to_location.htm|LOCATION\Introduction_to_Location\Introduction_to_Location.htm
support_establishment\the_child_support_standards_act_-_cssa.htm|SUPPORT_ESTABLISHMENT\The_Child_Support_Standards_Act_-_CSSA.htm
!screenlayout!\2017_01_20_a\glossary_mobile.png|template\2017_01_20_A\glossary_mobile.png
!screenlayout!\azure_blue\filter_tab_applied.png|template\Azure_Blue\filter_tab_applied.png
screens_you_will_encounter_-_master_list\summary tab.png|Screens_You_Will_Encounter_-_Master_List\Summary_Tab.png
codes\ledger_status_codes.htm|Codes\Ledger_Status_Codes.htm
intake\non-ta_process_-_intake\worker_provides_customer_with_legal_rates.htm|INTAKE\Non-TA_Process_-_Intake\Worker_provides_customer_with_legal_rates.htm
!screenlayout!\2017_01_20_a\filter_mobile_applied.png|template\2017_01_20_A\filter_mobile_applied.png
collection\deliinquency_switches.htm| 
support_establishment\arriving_at_support_establishment.png|SUPPORT_ESTABLISHMENT\Arriving_at_Support_Establishment.png
location\introduction_to_location\2018-02-05 - respondent address unknown - b.png|LOCATION\Introduction_to_Location\2018-02-05_-_Respondent_Address_Unknown_-_B.png
!screenlayout!\azure_blue\filter_tab.png|template\Azure_Blue\filter_tab.png
!screenlayout!\otda\previous_tab_active.png|template\OTDA\previous_tab_active.png
!screenlayout!\otda\toc_book_open_mobile.png|template\OTDA\toc_book_open_mobile.png
project_notes\style_guide_for_manual\glossary_issues.htm| 
cola\objection_process\if_the_objection_is_dismissed.htm|COLA\Objection_Process\If_the_objection_is_dismissed.htm
!screenlayout!\azure_blue_2\glossary_desktop.png|template\Azure_Blue_2\glossary_desktop.png
!screenlayout!\css_ops_man_2017-05-12\previous_mobile.png|template\CSS_Ops_Man_2017-05-12\previous_mobile.png
!screenlayout!\css_ops_man_2017-05-12\toc_book_open_desktop.png|template\CSS_Ops_Man_2017-05-12\toc_book_open_desktop.png
!screenlayout!\css_ops_man_2017-05-12\toc_tab.png|template\CSS_Ops_Man_2017-05-12\toc_tab.png
location\introduction_to_location\acronyms_used_in_the_location_chapter.htm|LOCATION\Introduction_to_Location\Acronyms_Used_in_the_Location_Chapter.htm
!screenlayout!\azure_blue_2\slider_ltr.png|template\Azure_Blue_2\slider_ltr.png
intake\introduction_to_intake\who_is_the_client__who_is_the_petitioner_.htm|INTAKE\Introduction_to_Intake\Who_is_the_Client__Who_is_the_Petitioner_.htm
!screenlayout!\2017_01_20_a\previous_active.png|template\2017_01_20_A\previous_active.png
!screenlayout!\2017_01_20_a\previous_mobile.png|template\2017_01_20_A\previous_mobile.png
!screenlayout!\2017_01_20_a\previous_mobile_active.png|template\2017_01_20_A\previous_mobile_active.png
!screenlayout!\2017_01_20_a\layout-rtl.css|template\2017_01_20_A\layout-rtl.css
processing_center\ecs_-_docs_available_via_electronic_communication_system.htm|PROCESSING_CENTER\ECS_-_Docs_Available_Via_Electronic_Communication_System.htm
screens_you_will_encounter_-_master_list\summary_mode___obligation_tab_screen.htm|Screens_You_Will_Encounter_-_Master_List\Summary_Mode___Obligation_Tab_screen.htm
project_notes\style_guide_for_manual\word_list.htm| 
location\new_hire_reporting\new_hires_roadmap_2018-04-18 - a.png|LOCATION\New_Hire_Reporting\New_Hires_Roadmap_2018-04-18_-_A.png
!screenlayout!\azure_blue_2\search_desktop.png|template\Azure_Blue_2\search_desktop.png
!screenlayout!\2017_01_20_a\logo.png|template\2017_01_20_A\logo.png
project_notes\intake chapter - kug survey - all responses from all respondents.pdf|PROJECT_NOTES\Intake_Chapter_-_KUG_Survey_-_All_responses_from_all_respondents.pdf
paternity_establishment\john_doe_interview\possible_questions_for_a_paternity_interview.htm| 
screens_you_will_encounter_-_master_list\child_support_standards_act_(cssa)_information_tab.htm|Screens_You_Will_Encounter_-_Master_List\Child_Support_Standards_Act_(CSSA)_Information_Tab.htm
screens_you_will_encounter_-_master_list\pls_tab_message.png|Screens_You_Will_Encounter_-_Master_List\PLS_Tab_Message.png
introduction_to_the_child_support_operations_manual\filter_your_content.htm|Introduction_to_the_Child_Support_Operations_Manual\Filter_Your_Content.htm
introduction_to_the_child_support_operations_manual\index.htm|Introduction_to_the_Child_Support_Operations_Manual\Index.htm
support_establishment\notes_re_the_support_establishment_chapter.htm|SUPPORT_ESTABLISHMENT\Notes_re_the_Support_Establishment_Chapter.htm
bsscdefault.h|BSSCDefault.h
codes\transaction type codes - 06.png|Codes\Transaction_Type_codes_-_06.png
!screenlayout!\azure_blue_2\loading.gif|template\Azure_Blue_2\loading.gif
!screenlayout!\azure_blue_2\filter_mobile.png|template\Azure_Blue_2\filter_mobile.png
!screenlayout!\css_ops_man_2017-05-12\andsearch_mark.png|template\CSS_Ops_Man_2017-05-12\andsearch_mark.png
intake\ta_process\worker_sends_customer_to_dvl.htm|INTAKE\TA_Process\Worker_sends_customer_to_DVL.htm
support_establishment\calculating_a_chlid_support_obligation.htm|SUPPORT_ESTABLISHMENT\Calculating_a_Chlid_Support_Obligation.htm
location\manual_-_non-automated_location_searches\social_security_number_-_sources_for_finding_it.htm|LOCATION\Manual_-_Non-Automated_Location_Searches\Social_Security_Number_-_Sources_For_Finding_It.htm
!screenlayout!\azure_blue\toc_book_open_mobile.png|template\Azure_Blue\toc_book_open_mobile.png
screens_you_will_encounter_-_master_list\summary mode - obligation tab screen.png|Screens_You_Will_Encounter_-_Master_List\Summary_Mode_-_Obligation_Tab_screen.png
cola\objection_process\worker_enters_objection_date_into_adj_order_objection_date_field.htm|COLA\Objection_Process\Worker_enters_Objection_Date_into_Adj_Order_Objection_Date_field.htm
!screenlayout!\azure_blue_2\filter_tab.png|template\Azure_Blue_2\filter_tab.png
!screenlayout!\2017_01_20_a\slider_open_ltr.png|template\2017_01_20_A\slider_open_ltr.png
!screenlayout!\azure_blue_2\search_mobile_active.png|template\Azure_Blue_2\search_mobile_active.png
paternity_establishment\unused_content_paternity\source_materials_for_paternity_research.htm| 
codes\f group - status and reason codes - 01.png|Codes\F_Group_-_Status_and_Reason_Codes_-_01.png
codes\f group - status and reason codes - 02.png|Codes\F_Group_-_Status_and_Reason_Codes_-_02.png
codes\f group - status and reason codes - 03.png|Codes\F_Group_-_Status_and_Reason_Codes_-_03.png
codes\f group - status and reason codes - 04.png|Codes\F_Group_-_Status_and_Reason_Codes_-_04.png
screens_you_will_encounter_-_master_list\worker_alerts_management_mode_overage.png|Screens_You_Will_Encounter_-_Master_List\Worker_Alerts_Management_Mode_Overage.png
!screenlayout!\azure_blue\next.png|template\Azure_Blue\next.png
!screenlayout!\css_ops_man_2017-05-12\search_desktop.png|template\CSS_Ops_Man_2017-05-12\search_desktop.png
!screenlayout!\azure_blue\filter_nomark.png|template\Azure_Blue\filter_nomark.png
introduction_to_child_support\roadmaps_--_directory_of_process_diagrams.htm|Introduction_to_Child_Support\Roadmaps_--_Directory_of_Process_Diagrams.htm
location\introduction_to_location\ways_in_which_data_enters_assets.htm|LOCATION\Introduction_to_Location\Ways_In_Which_Data_Enters_ASSETS.htm
intake\cooperation_requirements\what_clients_are_required_to_cooperate_.htm| 
introduction_to_the_child_support_operations_manual\about_the_child_support_program_manual.htm|Introduction_to_the_Child_Support_Operations_Manual\About_the_Child_Support_Program_Manual.htm
!screenlayout!\css_ops_man_2017-05-12\toc_mobile.png|template\CSS_Ops_Man_2017-05-12\toc_mobile.png
!screenlayout!\azure_blue\previous_tab_active.png|template\Azure_Blue\previous_tab_active.png
!screenlayout!\2017_01_20_a\filter_nomark.png|template\2017_01_20_A\filter_nomark.png
!screenlayout!\azure_blue\toc_book_closed_mobile.png|template\Azure_Blue\toc_book_closed_mobile.png
location\manual_-_non-automated_location_searches\roadmap_worker_obtains_respondent_add_manually.htm| 
location\introduction_to_location\codes_related_to_location.htm| 
screens_you_will_encounter_-_master_list\worker_alerts_-_management_mode_-_daily_status_changes_tab.htm|Screens_You_Will_Encounter_-_Master_List\Worker_Alerts_-_Management_Mode_-_Daily_Status_Changes_tab.htm
location\manual_-_non-automated_location_searches\local_resources_for_location_investigation_-_a_checklist.htm|LOCATION\Manual_-_Non-Automated_Location_Searches\Local_Resources_for_Location_Investigation_-_a_Checklist.htm
enforcement\introduction_to_support_enforcement.htm| 
program_manual_style_guide\pre-flight_checklist.htm|Program_Manual_STYLE_GUIDE\Pre-Flight_Checklist.htm
paternity_establishment\paternity_establishment_process\have_parents_signed_an_acknowledgement_of_paternity_form.htm|PATERNITY_ESTABLISHMENT\Paternity_Establishment_Process\Have_parents_signed_an_Acknowledgement_of_Paternity_form.htm
case has been built in assets - notification - b.png|Case_has_been_built_in_ASSETS_-_Notification_-_b.png
!screenlayout!\azure_blue_2\andsearch_mark.png|template\Azure_Blue_2\andsearch_mark.png
!screenlayout!\azure_blue\toc_book_closed_desktop.png|template\Azure_Blue\toc_book_closed_desktop.png
!screenlayout!\azure_blue\slider_ltr.png|template\Azure_Blue\slider_ltr.png
appendices\petitions\address_confidentiality_affidavit.pdf|Appendices\Petitions\Address_Confidentiality_Affidavit.pdf
screens_you_will_encounter_-_master_list\doc gen - nys family court - 01.png|Screens_You_Will_Encounter_-_Master_List\Doc_Gen_-_NYS_Family_Court_-_01.png
!screenlayout!\2017_01_20_a\toc_mobile.png|template\2017_01_20_A\toc_mobile.png
cola\objection_process\if_the_objection_is_upheld.htm|COLA\Objection_Process\If_the_objection_is_upheld.htm
legislation\legislation.htm| 
intake\case-building\select_participants.png.png|INTAKE\Case-Building\Select_Participants.png.png
screens_you_will_encounter_-_master_list\case mode - respondent employer detail edit tab.png|Screens_You_Will_Encounter_-_Master_List\Case_Mode_-_Respondent_Employer_Detail_Edit_tab.png
!screenlayout!\azure_blue_2\back_mobile_rtl.png|template\Azure_Blue_2\back_mobile_rtl.png
!screenlayout!\azure_blue\toc_desktop.png|template\Azure_Blue\toc_desktop.png
appendices\notes_&_correspondence_-_in_numerical_order.htm|Appendices\Notes___Correspondence_-_In_Numerical_Order.htm
!screenlayout!\css_ops_man_2017-05-12\next_active.png|template\CSS_Ops_Man_2017-05-12\next_active.png
!screenlayout!\css_ops_man_2017-05-12\next_mobile.png|template\CSS_Ops_Man_2017-05-12\next_mobile.png
!screenlayout!\2017_01_20_a\index_mobile.png|template\2017_01_20_A\index_mobile.png
processing_center\original_documents_forwarded_from_the_processing_center_to_the_cseu.htm|PROCESSING_CENTER\Original_Documents_Forwarded_from_the_Processing_Center_to_the_CSEU.htm
screens_you_will_encounter_-_master_list\enforcement_mode___professional_license_tab.htm|Screens_You_Will_Encounter_-_Master_List\Enforcement_Mode___Professional_License_tab.htm
intake\safety_concerns_-_good_cause_and_domestic_violence\to_the_customer_in_ta_cases_involving_domestic_violence.htm|INTAKE\Safety_Concerns_-_Good_Cause_and_Domestic_Violence\To_the_Customer_in_TA_Cases_Involving_Domestic_Violence.htm
!screenlayout!\azure_blue_2\previous_tab_active.png|template\Azure_Blue_2\previous_tab_active.png
!screenlayout!\otda\social_close_rtl.png|template\OTDA\social_close_rtl.png
intake\change_in_payee\change_in_payee_notice_(non-iv-d_dss_case)_(sample).pdf|INTAKE\Change_in_Payee\Change_in_Payee_Notice_(Non-IV-D_DSS_case)_(sample).pdf
introduction_to_the_child_support_operations_manual\search_box.htm|Introduction_to_the_Child_Support_Operations_Manual\Search_Box.htm
screens_you_will_encounter_-_master_list\child_support_standards_act_(cssa)_data_and_consumer_price_index_utility_screen.htm|Screens_You_Will_Encounter_-_Master_List\Child_Support_Standards_Act_(CSSA)_Data_and_Consumer_Price_Index_utility_screen.htm
intake\ta_process\cp_or_ncp_completes_and_returns_ldss-4882.htm|INTAKE\TA_Process\CP_or_NCP_completes_and_returns_LDSS-4882.htm
project_notes\style_guide_for_manual\nygov-logo.png|PROJECT_NOTES\Style_Guide_for_Manual\nygov-logo.png
!screenlayout!\otda\logo.png|template\OTDA\logo.png
!screenlayout!\azure_blue\filter_mark_radio.png|template\Azure_Blue\filter_mark_radio.png
!screenlayout!\2017_01_20_a\toc_book_closed_mobile.png|template\2017_01_20_A\toc_book_closed_mobile.png
paternity_establishment\introduction_to_paternity_establishment\laws_and_regulations_pertaining_to_paternity_establishment.htm|PATERNITY_ESTABLISHMENT\Introduction_to_Paternity_Establishment\Laws_and_Regulations_Pertaining_to_Paternity_Establishment.htm
!screenlayout!\azure_blue_2\andsearch_nomark.png|template\Azure_Blue_2\andsearch_nomark.png
!screenlayout!\azure_blue_2\usersettings.js|template\Azure_Blue_2\usersettings.js
!screenlayout!\otda\usersettings.js|template\OTDA\usersettings.js
cola\non-ta_process\caseworker_reviews_eligible_cases_screen,_looks_for_any_accounts_with_an__e__(error)_code.htm|COLA\Non-TA_Process\Caseworker_reviews_Eligible_Cases_screen,_looks_for_any_accounts_with_an__E__(Error)_code.htm
location\new_hire_reporting\case_appears_on_overage_statuses_tab.htm|LOCATION\New_Hire_Reporting\Case_appears_on_Overage_Statuses_tab.htm
!screenlayout!\azure_blue_2\idx_topic.png|template\Azure_Blue_2\idx_topic.png
!screenlayout!\css_ops_man_2017-05-12\social_open.png|template\CSS_Ops_Man_2017-05-12\social_open.png
!screenlayout!\css_ops_man_2017-05-12\next_tab.png|template\CSS_Ops_Man_2017-05-12\next_tab.png
!screenlayout!\otda\filter_desktop_applied.png|template\OTDA\filter_desktop_applied.png
